{"message":"Fetching tags","level":"info","timestamp":"2025-01-17T03:40:30.143Z"}
{"message":" \u001b[32m\u001b[1m✓\u001b[22m\u001b[39m Compiled in 435ms (3439 modules)","level":"info","timestamp":"2025-01-17T03:40:32.557Z"}
{"message":"Fetching latest plate reads","level":"info","timestamp":"2025-01-17T03:40:32.858Z"}
{"message":"Fetching tags","level":"info","timestamp":"2025-01-17T03:40:32.859Z"}
{"message":"Database connection successful","level":"info","timestamp":"2025-01-17T03:40:32.884Z"}
{"message":"Fetching latest plate reads","level":"info","timestamp":"2025-01-17T03:40:34.631Z"}
{"message":"Fetching tags","level":"info","timestamp":"2025-01-17T03:40:34.631Z"}
{"message":"Fetching latest plate reads","level":"info","timestamp":"2025-01-17T03:40:39.152Z"}
{"message":"Fetching tags","level":"info","timestamp":"2025-01-17T03:40:39.153Z"}
{"message":"Adding tag to plate","level":"info","timestamp":"2025-01-17T03:40:39.626Z"}
{"message":"Fetching latest plate reads","level":"info","timestamp":"2025-01-17T03:40:39.651Z"}
{"message":"Fetching tags","level":"info","timestamp":"2025-01-17T03:40:39.652Z"}
{"message":"Fetching latest plate reads","level":"info","timestamp":"2025-01-17T03:40:43.644Z"}
{"message":"Fetching tags","level":"info","timestamp":"2025-01-17T03:40:43.645Z"}
{"message":"Fetching latest plate reads","level":"info","timestamp":"2025-01-17T03:40:48.140Z"}
{"message":"Fetching tags","level":"info","timestamp":"2025-01-17T03:40:48.141Z"}
{"message":"Adding tag to plate","level":"info","timestamp":"2025-01-17T03:40:48.817Z"}
{"message":"Fetching latest plate reads","level":"info","timestamp":"2025-01-17T03:40:48.842Z"}
{"message":"Fetching tags","level":"info","timestamp":"2025-01-17T03:40:48.843Z"}
{"message":"Fetching latest plate reads","level":"info","timestamp":"2025-01-17T03:40:52.646Z"}
{"message":"Fetching tags","level":"info","timestamp":"2025-01-17T03:40:52.647Z"}
{"message":"Fetching latest plate reads","level":"info","timestamp":"2025-01-17T03:40:57.147Z"}
{"message":"Fetching tags","level":"info","timestamp":"2025-01-17T03:40:57.148Z"}
{"message":"Fetching latest plate reads","level":"info","timestamp":"2025-01-17T03:41:01.648Z"}
{"message":"Fetching tags","level":"info","timestamp":"2025-01-17T03:41:01.649Z"}
{"message":"Fetching latest plate reads","level":"info","timestamp":"2025-01-17T03:41:06.145Z"}
{"message":"Fetching tags","level":"info","timestamp":"2025-01-17T03:41:06.146Z"}
{"message":"Fetching latest plate reads","level":"info","timestamp":"2025-01-17T03:41:10.644Z"}
{"message":"Fetching tags","level":"info","timestamp":"2025-01-17T03:41:10.645Z"}
{"message":"Fetching latest plate reads","level":"info","timestamp":"2025-01-17T03:41:15.133Z"}
{"message":"Fetching tags","level":"info","timestamp":"2025-01-17T03:41:15.134Z"}
{"message":"Fetching latest plate reads","level":"info","timestamp":"2025-01-17T03:41:19.642Z"}
{"message":"Fetching tags","level":"info","timestamp":"2025-01-17T03:41:19.643Z"}
{"message":"Fetching latest plate reads","level":"info","timestamp":"2025-01-17T03:41:24.148Z"}
{"message":"Fetching tags","level":"info","timestamp":"2025-01-17T03:41:24.149Z"}
{"message":"Fetching latest plate reads","level":"info","timestamp":"2025-01-17T03:41:28.647Z"}
{"message":"Fetching tags","level":"info","timestamp":"2025-01-17T03:41:28.648Z"}
{"message":"Fetching latest plate reads","level":"info","timestamp":"2025-01-17T03:41:33.138Z"}
{"message":"Fetching tags","level":"info","timestamp":"2025-01-17T03:41:33.139Z"}
{"message":"Fetching latest plate reads","level":"info","timestamp":"2025-01-17T03:41:37.647Z"}
{"message":"Fetching tags","level":"info","timestamp":"2025-01-17T03:41:37.648Z"}
{"message":"Fetching latest plate reads","level":"info","timestamp":"2025-01-17T03:41:42.144Z"}
{"message":"Fetching tags","level":"info","timestamp":"2025-01-17T03:41:42.145Z"}
{"message":"Fetching latest plate reads","level":"info","timestamp":"2025-01-17T03:41:46.638Z"}
{"message":"Fetching tags","level":"info","timestamp":"2025-01-17T03:41:46.639Z"}
{"message":"Fetching latest plate reads","level":"info","timestamp":"2025-01-17T03:41:51.134Z"}
{"message":"Fetching tags","level":"info","timestamp":"2025-01-17T03:41:51.135Z"}
{"message":"Fetching latest plate reads","level":"info","timestamp":"2025-01-17T03:41:55.650Z"}
{"message":"Fetching tags","level":"info","timestamp":"2025-01-17T03:41:55.651Z"}
{"message":"Fetching latest plate reads","level":"info","timestamp":"2025-01-17T03:42:00.131Z"}
{"message":"Fetching tags","level":"info","timestamp":"2025-01-17T03:42:00.132Z"}
{"message":"Fetching latest plate reads","level":"info","timestamp":"2025-01-17T03:42:04.649Z"}
{"message":"Fetching tags","level":"info","timestamp":"2025-01-17T03:42:04.650Z"}
{"message":"Fetching latest plate reads","level":"info","timestamp":"2025-01-17T03:42:09.145Z"}
{"message":"Fetching tags","level":"info","timestamp":"2025-01-17T03:42:09.146Z"}
{"message":"Fetching latest plate reads","level":"info","timestamp":"2025-01-17T03:42:13.645Z"}
{"message":"Fetching tags","level":"info","timestamp":"2025-01-17T03:42:13.646Z"}
{"message":"Fetching latest plate reads","level":"info","timestamp":"2025-01-17T03:42:18.146Z"}
{"message":"Fetching tags","level":"info","timestamp":"2025-01-17T03:42:18.147Z"}
{"message":"Fetching latest plate reads","level":"info","timestamp":"2025-01-17T03:42:22.644Z"}
{"message":"Fetching tags","level":"info","timestamp":"2025-01-17T03:42:22.646Z"}
{"message":" \u001b[32m\u001b[1m✓\u001b[22m\u001b[39m Compiled in 404ms (1285 modules)","level":"info","timestamp":"2025-01-17T03:45:09.156Z"}
{"message":" \u001b[32m\u001b[1m✓\u001b[22m\u001b[39m Compiled /favicon.ico in 488ms (1486 modules)","level":"info","timestamp":"2025-01-17T03:45:09.710Z"}
{"message":" \u001b[37m\u001b[1m○\u001b[22m\u001b[39m Compiling /dashboard ...","level":"info","timestamp":"2025-01-17T03:45:10.292Z"}
{"message":" \u001b[32m\u001b[1m✓\u001b[22m\u001b[39m Compiled /dashboard in 1978ms (4156 modules)","level":"info","timestamp":"2025-01-17T03:45:11.757Z"}
{"message":"Fetching dashboard metrics","level":"info","timestamp":"2025-01-17T03:45:12.700Z"}
{"message":"Database connection successful","level":"info","timestamp":"2025-01-17T03:45:12.728Z"}
{"message":" \u001b[37m\u001b[1m○\u001b[22m\u001b[39m Compiling /database ...","level":"info","timestamp":"2025-01-17T03:45:14.047Z"}
{"message":" \u001b[32m\u001b[1m✓\u001b[22m\u001b[39m Compiled /database in 629ms (4208 modules)","level":"info","timestamp":"2025-01-17T03:45:14.175Z"}
{"message":"Querying plate database","level":"info","timestamp":"2025-01-17T03:45:14.559Z"}
{"message":"Database connection successful","level":"info","timestamp":"2025-01-17T03:45:14.567Z"}
{"message":"Fetching tags","level":"info","timestamp":"2025-01-17T03:45:14.605Z"}
{"message":"Querying plate database","level":"info","timestamp":"2025-01-17T03:45:14.702Z"}
{"message":"Fetching tags","level":"info","timestamp":"2025-01-17T03:45:14.733Z"}
{"message":" \u001b[37m\u001b[1m○\u001b[22m\u001b[39m Compiling /live_feed ...","level":"info","timestamp":"2025-01-17T03:45:15.265Z"}
{"message":" \u001b[32m\u001b[1m✓\u001b[22m\u001b[39m Compiled /live_feed in 508ms (4226 modules)","level":"info","timestamp":"2025-01-17T03:45:15.272Z"}
{"message":"Fetching latest plate reads","level":"info","timestamp":"2025-01-17T03:45:15.374Z"}
{"message":"Fetching tags","level":"info","timestamp":"2025-01-17T03:45:15.378Z"}
{"message":"Database connection successful","level":"info","timestamp":"2025-01-17T03:45:15.391Z"}
{"message":"Fetching latest plate reads","level":"info","timestamp":"2025-01-17T03:45:15.414Z"}
{"message":"Fetching tags","level":"info","timestamp":"2025-01-17T03:45:15.415Z"}
{"message":"Fetching latest plate reads","level":"info","timestamp":"2025-01-17T03:45:20.331Z"}
{"message":"Fetching tags","level":"info","timestamp":"2025-01-17T03:45:20.332Z"}
{"message":"Fetching latest plate reads","level":"info","timestamp":"2025-01-17T03:45:24.838Z"}
{"message":"Fetching tags","level":"info","timestamp":"2025-01-17T03:45:24.839Z"}
{"message":"Fetching latest plate reads","level":"info","timestamp":"2025-01-17T03:45:29.336Z"}
{"message":"Fetching tags","level":"info","timestamp":"2025-01-17T03:45:29.337Z"}
{"message":"Fetching latest plate reads","level":"info","timestamp":"2025-01-17T03:45:33.831Z"}
{"message":"Fetching tags","level":"info","timestamp":"2025-01-17T03:45:33.831Z"}
{"message":"Fetching latest plate reads","level":"info","timestamp":"2025-01-17T03:45:38.332Z"}
{"message":"Fetching tags","level":"info","timestamp":"2025-01-17T03:45:38.333Z"}
{"message":"Fetching latest plate reads","level":"info","timestamp":"2025-01-17T03:45:43.104Z"}
{"message":"Fetching tags","level":"info","timestamp":"2025-01-17T03:45:43.105Z"}
{"message":"Fetching latest plate reads","level":"info","timestamp":"2025-01-17T03:45:48.041Z"}
{"message":"Fetching tags","level":"info","timestamp":"2025-01-17T03:45:48.043Z"}
{"message":"Fetching latest plate reads","level":"info","timestamp":"2025-01-17T03:45:52.040Z"}
{"message":"Fetching tags","level":"info","timestamp":"2025-01-17T03:45:52.041Z"}
{"message":"Fetching latest plate reads","level":"info","timestamp":"2025-01-17T03:45:57.013Z"}
{"message":"Fetching tags","level":"info","timestamp":"2025-01-17T03:45:57.014Z"}
{"message":"Fetching latest plate reads","level":"info","timestamp":"2025-01-17T03:46:01.008Z"}
{"message":"Fetching tags","level":"info","timestamp":"2025-01-17T03:46:01.009Z"}
{"message":"Fetching latest plate reads","level":"info","timestamp":"2025-01-17T03:46:06.007Z"}
{"message":"Fetching tags","level":"info","timestamp":"2025-01-17T03:46:06.008Z"}
{"message":"Fetching latest plate reads","level":"info","timestamp":"2025-01-17T03:46:10.003Z"}
{"message":"Fetching tags","level":"info","timestamp":"2025-01-17T03:46:10.004Z"}
{"message":"Fetching latest plate reads","level":"info","timestamp":"2025-01-17T03:46:15.003Z"}
{"message":"Fetching tags","level":"info","timestamp":"2025-01-17T03:46:15.004Z"}
{"message":"Fetching latest plate reads","level":"info","timestamp":"2025-01-17T03:46:19.012Z"}
{"message":"Fetching tags","level":"info","timestamp":"2025-01-17T03:46:19.013Z"}
{"message":"Fetching latest plate reads","level":"info","timestamp":"2025-01-17T03:46:24.008Z"}
{"message":"Fetching tags","level":"info","timestamp":"2025-01-17T03:46:24.008Z"}
{"message":"Fetching latest plate reads","level":"info","timestamp":"2025-01-17T03:46:28.001Z"}
{"message":"Fetching tags","level":"info","timestamp":"2025-01-17T03:46:28.002Z"}
{"message":"Fetching latest plate reads","level":"info","timestamp":"2025-01-17T03:46:33.005Z"}
{"message":"Fetching tags","level":"info","timestamp":"2025-01-17T03:46:33.006Z"}
{"message":"Fetching latest plate reads","level":"info","timestamp":"2025-01-17T03:46:37.000Z"}
{"message":"Fetching tags","level":"info","timestamp":"2025-01-17T03:46:37.001Z"}
{"message":"Fetching latest plate reads","level":"info","timestamp":"2025-01-17T03:47:34.236Z"}
{"message":"Fetching tags","level":"info","timestamp":"2025-01-17T03:47:34.238Z"}
{"message":"Fetching latest plate reads","level":"info","timestamp":"2025-01-17T03:47:36.003Z"}
{"message":"Fetching tags","level":"info","timestamp":"2025-01-17T03:47:36.004Z"}
{"message":"Fetching latest plate reads","level":"info","timestamp":"2025-01-17T03:48:25.640Z"}
{"message":"Fetching tags","level":"info","timestamp":"2025-01-17T03:48:25.643Z"}
{"message":"Fetching latest plate reads","level":"info","timestamp":"2025-01-17T03:48:29.334Z"}
{"message":"Fetching tags","level":"info","timestamp":"2025-01-17T03:48:29.335Z"}
{"message":"Fetching latest plate reads","level":"info","timestamp":"2025-01-17T03:48:33.833Z"}
{"message":"Fetching tags","level":"info","timestamp":"2025-01-17T03:48:33.834Z"}
{"message":"Fetching latest plate reads","level":"info","timestamp":"2025-01-17T03:48:38.331Z"}
{"message":"Fetching tags","level":"info","timestamp":"2025-01-17T03:48:38.332Z"}
{"message":"Fetching latest plate reads","level":"info","timestamp":"2025-01-17T03:48:42.834Z"}
{"message":"Fetching tags","level":"info","timestamp":"2025-01-17T03:48:42.834Z"}
{"message":"Fetching latest plate reads","level":"info","timestamp":"2025-01-17T03:48:47.331Z"}
{"message":"Fetching tags","level":"info","timestamp":"2025-01-17T03:48:47.332Z"}
{"message":"Fetching latest plate reads","level":"info","timestamp":"2025-01-17T03:48:51.828Z"}
{"message":"Fetching tags","level":"info","timestamp":"2025-01-17T03:48:51.829Z"}
{"message":"Fetching latest plate reads","level":"info","timestamp":"2025-01-17T03:48:56.334Z"}
{"message":"Fetching tags","level":"info","timestamp":"2025-01-17T03:48:56.334Z"}
{"message":"Fetching latest plate reads","level":"info","timestamp":"2025-01-17T03:49:00.831Z"}
{"message":"Fetching tags","level":"info","timestamp":"2025-01-17T03:49:00.832Z"}
{"message":"Fetching latest plate reads","level":"info","timestamp":"2025-01-17T03:49:05.330Z"}
{"message":"Fetching tags","level":"info","timestamp":"2025-01-17T03:49:05.331Z"}
{"message":"Fetching latest plate reads","level":"info","timestamp":"2025-01-17T03:49:09.835Z"}
{"message":"Fetching tags","level":"info","timestamp":"2025-01-17T03:49:09.836Z"}
{"message":"Fetching latest plate reads","level":"info","timestamp":"2025-01-17T03:49:14.335Z"}
{"message":"Fetching tags","level":"info","timestamp":"2025-01-17T03:49:14.336Z"}
{"message":"Fetching latest plate reads","level":"info","timestamp":"2025-01-17T03:49:18.832Z"}
{"message":"Fetching tags","level":"info","timestamp":"2025-01-17T03:49:18.833Z"}
{"message":"Fetching latest plate reads","level":"info","timestamp":"2025-01-17T03:49:23.350Z"}
{"message":"Fetching tags","level":"info","timestamp":"2025-01-17T03:49:23.351Z"}
{"message":"Fetching latest plate reads","level":"info","timestamp":"2025-01-17T03:49:27.832Z"}
{"message":"Fetching tags","level":"info","timestamp":"2025-01-17T03:49:27.833Z"}
{"message":"Fetching latest plate reads","level":"info","timestamp":"2025-01-17T03:49:32.332Z"}
{"message":"Fetching tags","level":"info","timestamp":"2025-01-17T03:49:32.333Z"}
{"message":"Fetching latest plate reads","level":"info","timestamp":"2025-01-17T03:49:36.835Z"}
{"message":"Fetching tags","level":"info","timestamp":"2025-01-17T03:49:36.836Z"}
{"message":" \u001b[32m\u001b[1m✓\u001b[22m\u001b[39m Compiled in 1181ms (3459 modules)","level":"info","timestamp":"2025-01-17T03:49:39.513Z"}
{"message":"Fetching latest plate reads","level":"info","timestamp":"2025-01-17T03:49:39.653Z"}
{"message":"Fetching tags","level":"info","timestamp":"2025-01-17T03:49:39.655Z"}
{"message":"Database connection successful","level":"info","timestamp":"2025-01-17T03:49:39.675Z"}
{"message":"Fetching latest plate reads","level":"info","timestamp":"2025-01-17T03:49:41.331Z"}
{"message":"Fetching tags","level":"info","timestamp":"2025-01-17T03:49:41.332Z"}
{"message":"Fetching latest plate reads","level":"info","timestamp":"2025-01-17T03:49:45.833Z"}
{"message":"Fetching tags","level":"info","timestamp":"2025-01-17T03:49:45.834Z"}
{"message":"Fetching latest plate reads","level":"info","timestamp":"2025-01-17T03:49:50.332Z"}
{"message":"Fetching tags","level":"info","timestamp":"2025-01-17T03:49:50.332Z"}
{"message":"Fetching latest plate reads","level":"info","timestamp":"2025-01-17T03:49:54.832Z"}
{"message":"Fetching tags","level":"info","timestamp":"2025-01-17T03:49:54.833Z"}
{"message":"Fetching latest plate reads","level":"info","timestamp":"2025-01-17T03:49:59.325Z"}
{"message":"Fetching tags","level":"info","timestamp":"2025-01-17T03:49:59.326Z"}
{"message":"Fetching latest plate reads","level":"info","timestamp":"2025-01-17T03:50:03.832Z"}
{"message":"Fetching tags","level":"info","timestamp":"2025-01-17T03:50:03.833Z"}
{"message":"Fetching latest plate reads","level":"info","timestamp":"2025-01-17T03:50:08.328Z"}
{"message":"Fetching tags","level":"info","timestamp":"2025-01-17T03:50:08.329Z"}
{"message":" \u001b[32m\u001b[1m✓\u001b[22m\u001b[39m Compiled in 424ms (3459 modules)","level":"info","timestamp":"2025-01-17T03:50:10.959Z"}
{"message":"Fetching latest plate reads","level":"info","timestamp":"2025-01-17T03:50:11.094Z"}
{"message":"Fetching tags","level":"info","timestamp":"2025-01-17T03:50:11.095Z"}
{"message":"Database connection successful","level":"info","timestamp":"2025-01-17T03:50:11.112Z"}
{"message":"Fetching latest plate reads","level":"info","timestamp":"2025-01-17T03:50:12.831Z"}
{"message":"Fetching tags","level":"info","timestamp":"2025-01-17T03:50:12.831Z"}
{"message":"Fetching latest plate reads","level":"info","timestamp":"2025-01-17T03:50:17.335Z"}
{"message":"Fetching tags","level":"info","timestamp":"2025-01-17T03:50:17.336Z"}
{"message":"Fetching latest plate reads","level":"info","timestamp":"2025-01-17T03:50:21.833Z"}
{"message":"Fetching tags","level":"info","timestamp":"2025-01-17T03:50:21.834Z"}
{"message":"Fetching latest plate reads","level":"info","timestamp":"2025-01-17T03:50:26.331Z"}
{"message":"Fetching tags","level":"info","timestamp":"2025-01-17T03:50:26.331Z"}
{"message":" \u001b[32m\u001b[1m✓\u001b[22m\u001b[39m Compiled in 552ms (3459 modules)","level":"info","timestamp":"2025-01-17T03:50:31.036Z"}
{"message":"Fetching latest plate reads","level":"info","timestamp":"2025-01-17T03:50:31.108Z"}
{"message":"Fetching tags","level":"info","timestamp":"2025-01-17T03:50:31.110Z"}
{"message":"Database connection successful","level":"info","timestamp":"2025-01-17T03:50:31.123Z"}
{"message":"Fetching latest plate reads","level":"info","timestamp":"2025-01-17T03:50:31.207Z"}
{"message":"Fetching tags","level":"info","timestamp":"2025-01-17T03:50:31.208Z"}
{"message":"Fetching latest plate reads","level":"info","timestamp":"2025-01-17T03:50:35.336Z"}
{"message":"Fetching tags","level":"info","timestamp":"2025-01-17T03:50:35.338Z"}
{"message":" \u001b[32m\u001b[1m✓\u001b[22m\u001b[39m Compiled in 528ms (3459 modules)","level":"info","timestamp":"2025-01-17T03:50:39.109Z"}
{"message":"Fetching latest plate reads","level":"info","timestamp":"2025-01-17T03:50:39.333Z"}
{"message":"Fetching tags","level":"info","timestamp":"2025-01-17T03:50:39.336Z"}
{"message":"Database connection successful","level":"info","timestamp":"2025-01-17T03:50:39.346Z"}
{"message":"Fetching latest plate reads","level":"info","timestamp":"2025-01-17T03:50:39.828Z"}
{"message":"Fetching tags","level":"info","timestamp":"2025-01-17T03:50:39.829Z"}
{"message":"Fetching latest plate reads","level":"info","timestamp":"2025-01-17T03:50:44.334Z"}
{"message":"Fetching tags","level":"info","timestamp":"2025-01-17T03:50:44.334Z"}
{"message":"Fetching latest plate reads","level":"info","timestamp":"2025-01-17T03:50:48.832Z"}
{"message":"Fetching tags","level":"info","timestamp":"2025-01-17T03:50:48.833Z"}
{"message":" \u001b[32m\u001b[1m✓\u001b[22m\u001b[39m Compiled in 472ms (3459 modules)","level":"info","timestamp":"2025-01-17T03:50:52.348Z"}
{"message":"Fetching latest plate reads","level":"info","timestamp":"2025-01-17T03:50:52.408Z"}
{"message":"Fetching tags","level":"info","timestamp":"2025-01-17T03:50:52.410Z"}
{"message":"Database connection successful","level":"info","timestamp":"2025-01-17T03:50:52.420Z"}
{"message":"Fetching latest plate reads","level":"info","timestamp":"2025-01-17T03:50:53.333Z"}
{"message":"Fetching tags","level":"info","timestamp":"2025-01-17T03:50:53.334Z"}
{"message":"Fetching latest plate reads","level":"info","timestamp":"2025-01-17T03:50:57.832Z"}
{"message":"Fetching tags","level":"info","timestamp":"2025-01-17T03:50:57.833Z"}
{"message":"Fetching latest plate reads","level":"info","timestamp":"2025-01-17T03:51:02.343Z"}
{"message":"Fetching tags","level":"info","timestamp":"2025-01-17T03:51:02.344Z"}
{"message":"Fetching latest plate reads","level":"info","timestamp":"2025-01-17T03:51:06.829Z"}
{"message":"Fetching tags","level":"info","timestamp":"2025-01-17T03:51:06.830Z"}
{"message":"Fetching latest plate reads","level":"info","timestamp":"2025-01-17T03:51:11.338Z"}
{"message":"Fetching tags","level":"info","timestamp":"2025-01-17T03:51:11.339Z"}
{"message":"Fetching latest plate reads","level":"info","timestamp":"2025-01-17T03:51:15.843Z"}
{"message":"Fetching tags","level":"info","timestamp":"2025-01-17T03:51:15.844Z"}
{"message":"Fetching latest plate reads","level":"info","timestamp":"2025-01-17T03:51:20.335Z"}
{"message":"Fetching tags","level":"info","timestamp":"2025-01-17T03:51:20.336Z"}
{"message":"Fetching latest plate reads","level":"info","timestamp":"2025-01-17T03:51:24.843Z"}
{"message":"Fetching tags","level":"info","timestamp":"2025-01-17T03:51:24.844Z"}
{"message":"Fetching latest plate reads","level":"info","timestamp":"2025-01-17T03:51:29.337Z"}
{"message":"Fetching tags","level":"info","timestamp":"2025-01-17T03:51:29.338Z"}
{"message":"Fetching latest plate reads","level":"info","timestamp":"2025-01-17T03:51:33.837Z"}
{"message":"Fetching tags","level":"info","timestamp":"2025-01-17T03:51:33.838Z"}
{"message":"Fetching latest plate reads","level":"info","timestamp":"2025-01-17T03:51:38.334Z"}
{"message":"Fetching tags","level":"info","timestamp":"2025-01-17T03:51:38.335Z"}
{"message":"Fetching latest plate reads","level":"info","timestamp":"2025-01-17T03:51:42.844Z"}
{"message":"Fetching tags","level":"info","timestamp":"2025-01-17T03:51:42.845Z"}
{"message":"Fetching latest plate reads","level":"info","timestamp":"2025-01-17T03:51:47.342Z"}
{"message":"Fetching tags","level":"info","timestamp":"2025-01-17T03:51:47.343Z"}
{"message":"Fetching latest plate reads","level":"info","timestamp":"2025-01-17T03:51:51.829Z"}
{"message":"Fetching tags","level":"info","timestamp":"2025-01-17T03:51:51.830Z"}
{"message":"Fetching latest plate reads","level":"info","timestamp":"2025-01-17T03:51:56.341Z"}
{"message":"Fetching tags","level":"info","timestamp":"2025-01-17T03:51:56.343Z"}
{"message":"Fetching latest plate reads","level":"info","timestamp":"2025-01-17T03:52:00.838Z"}
{"message":"Fetching tags","level":"info","timestamp":"2025-01-17T03:52:00.839Z"}
{"message":"Fetching latest plate reads","level":"info","timestamp":"2025-01-17T03:52:05.342Z"}
{"message":"Fetching tags","level":"info","timestamp":"2025-01-17T03:52:05.343Z"}
{"message":"Fetching latest plate reads","level":"info","timestamp":"2025-01-17T03:52:09.836Z"}
{"message":"Fetching tags","level":"info","timestamp":"2025-01-17T03:52:09.837Z"}
{"message":"Fetching latest plate reads","level":"info","timestamp":"2025-01-17T03:52:14.345Z"}
{"message":"Fetching tags","level":"info","timestamp":"2025-01-17T03:52:14.347Z"}
{"message":"Fetching latest plate reads","level":"info","timestamp":"2025-01-17T03:52:18.844Z"}
{"message":"Fetching tags","level":"info","timestamp":"2025-01-17T03:52:18.845Z"}
{"message":"Fetching latest plate reads","level":"info","timestamp":"2025-01-17T03:52:23.347Z"}
{"message":"Fetching tags","level":"info","timestamp":"2025-01-17T03:52:23.349Z"}
{"message":"Fetching latest plate reads","level":"info","timestamp":"2025-01-17T03:52:27.844Z"}
{"message":"Fetching tags","level":"info","timestamp":"2025-01-17T03:52:27.845Z"}
{"message":"Fetching latest plate reads","level":"info","timestamp":"2025-01-17T03:52:32.334Z"}
{"message":"Fetching tags","level":"info","timestamp":"2025-01-17T03:52:32.335Z"}
{"message":"Fetching latest plate reads","level":"info","timestamp":"2025-01-17T03:52:36.834Z"}
{"message":"Fetching tags","level":"info","timestamp":"2025-01-17T03:52:36.835Z"}
{"message":"Fetching latest plate reads","level":"info","timestamp":"2025-01-17T03:52:41.347Z"}
{"message":"Fetching tags","level":"info","timestamp":"2025-01-17T03:52:41.349Z"}
{"message":"Fetching latest plate reads","level":"info","timestamp":"2025-01-17T03:52:45.843Z"}
{"message":"Fetching tags","level":"info","timestamp":"2025-01-17T03:52:45.844Z"}
{"message":"Fetching latest plate reads","level":"info","timestamp":"2025-01-17T03:52:50.345Z"}
{"message":"Fetching tags","level":"info","timestamp":"2025-01-17T03:52:50.347Z"}
{"message":"Fetching latest plate reads","level":"info","timestamp":"2025-01-17T03:52:54.842Z"}
{"message":"Fetching tags","level":"info","timestamp":"2025-01-17T03:52:54.843Z"}
{"message":" \u001b[32m\u001b[1m✓\u001b[22m\u001b[39m Compiled in 618ms (3459 modules)","level":"info","timestamp":"2025-01-17T03:52:58.270Z"}
{"message":"Fetching latest plate reads","level":"info","timestamp":"2025-01-17T03:52:58.376Z"}
{"message":"Fetching tags","level":"info","timestamp":"2025-01-17T03:52:58.377Z"}
{"message":"Database connection successful","level":"info","timestamp":"2025-01-17T03:52:58.390Z"}
{"message":"Fetching latest plate reads","level":"info","timestamp":"2025-01-17T03:52:59.344Z"}
{"message":"Fetching tags","level":"info","timestamp":"2025-01-17T03:52:59.346Z"}
{"message":"Fetching latest plate reads","level":"info","timestamp":"2025-01-17T03:53:03.836Z"}
{"message":"Fetching tags","level":"info","timestamp":"2025-01-17T03:53:03.837Z"}
{"message":"Fetching latest plate reads","level":"info","timestamp":"2025-01-17T03:53:08.341Z"}
{"message":"Fetching tags","level":"info","timestamp":"2025-01-17T03:53:08.343Z"}
{"message":"Fetching latest plate reads","level":"info","timestamp":"2025-01-17T03:53:12.847Z"}
{"message":"Fetching tags","level":"info","timestamp":"2025-01-17T03:53:12.848Z"}
{"message":"Fetching latest plate reads","level":"info","timestamp":"2025-01-17T03:53:17.337Z"}
{"message":"Fetching tags","level":"info","timestamp":"2025-01-17T03:53:17.338Z"}
{"message":"Fetching latest plate reads","level":"info","timestamp":"2025-01-17T03:53:21.841Z"}
{"message":"Fetching tags","level":"info","timestamp":"2025-01-17T03:53:21.842Z"}
{"message":"Fetching latest plate reads","level":"info","timestamp":"2025-01-17T03:53:26.343Z"}
{"message":"Fetching tags","level":"info","timestamp":"2025-01-17T03:53:26.344Z"}
{"message":"Fetching latest plate reads","level":"info","timestamp":"2025-01-17T03:53:30.843Z"}
{"message":"Fetching tags","level":"info","timestamp":"2025-01-17T03:53:30.844Z"}
{"message":"Fetching latest plate reads","level":"info","timestamp":"2025-01-17T03:53:35.335Z"}
{"message":"Fetching tags","level":"info","timestamp":"2025-01-17T03:53:35.336Z"}
{"message":"Fetching latest plate reads","level":"info","timestamp":"2025-01-17T03:53:39.829Z"}
{"message":"Fetching tags","level":"info","timestamp":"2025-01-17T03:53:39.830Z"}
{"message":"Fetching latest plate reads","level":"info","timestamp":"2025-01-17T03:53:44.330Z"}
{"message":"Fetching tags","level":"info","timestamp":"2025-01-17T03:53:44.331Z"}
{"message":"Fetching latest plate reads","level":"info","timestamp":"2025-01-17T03:53:48.828Z"}
{"message":"Fetching tags","level":"info","timestamp":"2025-01-17T03:53:48.829Z"}
{"message":"Fetching latest plate reads","level":"info","timestamp":"2025-01-17T03:53:53.329Z"}
{"message":"Fetching tags","level":"info","timestamp":"2025-01-17T03:53:53.330Z"}
{"message":"Fetching latest plate reads","level":"info","timestamp":"2025-01-17T03:53:57.844Z"}
{"message":"Fetching tags","level":"info","timestamp":"2025-01-17T03:53:57.845Z"}
{"message":"Fetching latest plate reads","level":"info","timestamp":"2025-01-17T03:54:02.346Z"}
{"message":"Fetching tags","level":"info","timestamp":"2025-01-17T03:54:02.348Z"}
{"message":"Fetching latest plate reads","level":"info","timestamp":"2025-01-17T03:54:06.833Z"}
{"message":"Fetching tags","level":"info","timestamp":"2025-01-17T03:54:06.834Z"}
{"message":" \u001b[32m\u001b[1m✓\u001b[22m\u001b[39m Compiled in 592ms (3459 modules)","level":"info","timestamp":"2025-01-17T03:54:08.629Z"}
{"message":"Fetching latest plate reads","level":"info","timestamp":"2025-01-17T03:54:08.733Z"}
{"message":"Fetching tags","level":"info","timestamp":"2025-01-17T03:54:08.735Z"}
{"message":"Database connection successful","level":"info","timestamp":"2025-01-17T03:54:08.749Z"}
{"message":"Fetching latest plate reads","level":"info","timestamp":"2025-01-17T03:54:11.344Z"}
{"message":"Fetching tags","level":"info","timestamp":"2025-01-17T03:54:11.345Z"}
{"message":"Fetching latest plate reads","level":"info","timestamp":"2025-01-17T03:54:15.845Z"}
{"message":"Fetching tags","level":"info","timestamp":"2025-01-17T03:54:15.846Z"}
{"message":"Fetching latest plate reads","level":"info","timestamp":"2025-01-17T03:54:20.348Z"}
{"message":"Fetching tags","level":"info","timestamp":"2025-01-17T03:54:20.350Z"}
{"message":"Fetching latest plate reads","level":"info","timestamp":"2025-01-17T03:54:24.847Z"}
{"message":"Fetching tags","level":"info","timestamp":"2025-01-17T03:54:24.848Z"}
{"message":"Fetching latest plate reads","level":"info","timestamp":"2025-01-17T03:54:29.345Z"}
{"message":"Fetching tags","level":"info","timestamp":"2025-01-17T03:54:29.346Z"}
{"message":"Fetching latest plate reads","level":"info","timestamp":"2025-01-17T03:54:33.848Z"}
{"message":"Fetching tags","level":"info","timestamp":"2025-01-17T03:54:33.849Z"}
{"message":"Fetching latest plate reads","level":"info","timestamp":"2025-01-17T03:54:38.341Z"}
{"message":"Fetching tags","level":"info","timestamp":"2025-01-17T03:54:38.342Z"}
{"message":"Fetching latest plate reads","level":"info","timestamp":"2025-01-17T03:54:42.844Z"}
{"message":"Fetching tags","level":"info","timestamp":"2025-01-17T03:54:42.846Z"}
{"message":" \u001b[32m\u001b[1m✓\u001b[22m\u001b[39m Compiled in 458ms (3459 modules)","level":"info","timestamp":"2025-01-17T03:54:46.745Z"}
{"message":"Fetching latest plate reads","level":"info","timestamp":"2025-01-17T03:54:46.831Z"}
{"message":"Fetching tags","level":"info","timestamp":"2025-01-17T03:54:46.832Z"}
{"message":"Database connection successful","level":"info","timestamp":"2025-01-17T03:54:46.845Z"}
{"message":"Fetching latest plate reads","level":"info","timestamp":"2025-01-17T03:54:47.342Z"}
{"message":"Fetching tags","level":"info","timestamp":"2025-01-17T03:54:47.344Z"}
{"message":"Fetching latest plate reads","level":"info","timestamp":"2025-01-17T03:54:51.838Z"}
{"message":"Fetching tags","level":"info","timestamp":"2025-01-17T03:54:51.840Z"}
{"message":"Fetching latest plate reads","level":"info","timestamp":"2025-01-17T03:54:56.332Z"}
{"message":"Fetching tags","level":"info","timestamp":"2025-01-17T03:54:56.333Z"}
{"message":" \u001b[32m\u001b[1m✓\u001b[22m\u001b[39m Compiled in 451ms (3459 modules)","level":"info","timestamp":"2025-01-17T03:54:57.460Z"}
{"message":"Fetching latest plate reads","level":"info","timestamp":"2025-01-17T03:54:57.521Z"}
{"message":"Fetching tags","level":"info","timestamp":"2025-01-17T03:54:57.522Z"}
{"message":"Database connection successful","level":"info","timestamp":"2025-01-17T03:54:57.533Z"}
{"message":"Fetching latest plate reads","level":"info","timestamp":"2025-01-17T03:55:00.844Z"}
{"message":"Fetching tags","level":"info","timestamp":"2025-01-17T03:55:00.846Z"}
{"message":"Fetching latest plate reads","level":"info","timestamp":"2025-01-17T03:55:05.346Z"}
{"message":"Fetching tags","level":"info","timestamp":"2025-01-17T03:55:05.347Z"}
{"message":"Fetching latest plate reads","level":"info","timestamp":"2025-01-17T03:55:09.830Z"}
{"message":"Fetching tags","level":"info","timestamp":"2025-01-17T03:55:09.831Z"}
{"message":" \u001b[32m\u001b[1m✓\u001b[22m\u001b[39m Compiled in 446ms (3459 modules)","level":"info","timestamp":"2025-01-17T03:55:10.325Z"}
{"message":"Fetching latest plate reads","level":"info","timestamp":"2025-01-17T03:55:10.395Z"}
{"message":"Fetching tags","level":"info","timestamp":"2025-01-17T03:55:10.397Z"}
{"message":"Database connection successful","level":"info","timestamp":"2025-01-17T03:55:10.407Z"}
{"message":"Fetching latest plate reads","level":"info","timestamp":"2025-01-17T03:55:14.346Z"}
{"message":"Fetching tags","level":"info","timestamp":"2025-01-17T03:55:14.348Z"}
{"message":"Fetching latest plate reads","level":"info","timestamp":"2025-01-17T03:55:18.834Z"}
{"message":"Fetching tags","level":"info","timestamp":"2025-01-17T03:55:18.835Z"}
{"message":"Fetching latest plate reads","level":"info","timestamp":"2025-01-17T03:55:23.344Z"}
{"message":"Fetching tags","level":"info","timestamp":"2025-01-17T03:55:23.345Z"}
{"message":"Removing tag from plate","level":"info","timestamp":"2025-01-17T03:55:23.670Z"}
{"message":"Fetching latest plate reads","level":"info","timestamp":"2025-01-17T03:55:23.700Z"}
{"message":"Fetching tags","level":"info","timestamp":"2025-01-17T03:55:23.701Z"}
{"message":"Removing tag from plate","level":"info","timestamp":"2025-01-17T03:55:24.708Z"}
{"message":"Fetching latest plate reads","level":"info","timestamp":"2025-01-17T03:55:24.733Z"}
{"message":"Fetching tags","level":"info","timestamp":"2025-01-17T03:55:24.734Z"}
{"message":"Fetching latest plate reads","level":"info","timestamp":"2025-01-17T03:55:27.830Z"}
{"message":"Fetching tags","level":"info","timestamp":"2025-01-17T03:55:27.831Z"}
{"message":" \u001b[32m\u001b[1m✓\u001b[22m\u001b[39m Compiled in 383ms (1285 modules)","level":"info","timestamp":"2025-01-17T04:01:38.743Z"}
{"message":" \u001b[37m\u001b[1m○\u001b[22m\u001b[39m Compiling /favicon.ico ...","level":"info","timestamp":"2025-01-17T04:01:39.360Z"}
{"message":" \u001b[32m\u001b[1m✓\u001b[22m\u001b[39m Compiled /favicon.ico in 552ms (1486 modules)","level":"info","timestamp":"2025-01-17T04:01:39.372Z"}
{"message":" \u001b[37m\u001b[1m○\u001b[22m\u001b[39m Compiling /dashboard ...","level":"info","timestamp":"2025-01-17T04:01:40.013Z"}
{"message":" \u001b[32m\u001b[1m✓\u001b[22m\u001b[39m Compiled /dashboard in 1871ms (4156 modules)","level":"info","timestamp":"2025-01-17T04:01:41.383Z"}
{"message":"Fetching dashboard metrics","level":"info","timestamp":"2025-01-17T04:01:42.305Z"}
{"message":"Database connection successful","level":"info","timestamp":"2025-01-17T04:01:42.319Z"}
{"message":" \u001b[32m\u001b[1m✓\u001b[22m\u001b[39m Compiled /live_feed in 459ms (4199 modules)","level":"info","timestamp":"2025-01-17T04:01:43.643Z"}
{"message":"Fetching latest plate reads","level":"info","timestamp":"2025-01-17T04:01:43.763Z"}
{"message":"Fetching tags","level":"info","timestamp":"2025-01-17T04:01:43.765Z"}
{"message":"Database connection successful","level":"info","timestamp":"2025-01-17T04:01:43.779Z"}
{"message":" \u001b[32m\u001b[1m✓\u001b[22m\u001b[39m Compiled in 675ms (4213 modules)","level":"info","timestamp":"2025-01-17T04:02:06.625Z"}
{"message":" \u001b[33m\u001b[1m⚠\u001b[22m\u001b[39m Fast Refresh had to perform a full reload due to a runtime error.","level":"warn","timestamp":"2025-01-17T04:02:06.664Z"}
{"message":"Fetching latest plate reads","level":"info","timestamp":"2025-01-17T04:02:06.753Z"}
{"message":"Fetching tags","level":"info","timestamp":"2025-01-17T04:02:06.755Z"}
{"message":"Database connection successful","level":"info","timestamp":"2025-01-17T04:02:06.805Z"}
{"message":"PlateTable rendering with data: 25","level":"info","timestamp":"2025-01-17T04:02:06.988Z"}
{"message":"<%s /> is using incorrect casing. Use PascalCase for React components, or lowercase for HTML elements. liveFeedSkeleton","level":"error","timestamp":"2025-01-17T04:02:06.997Z"}
{"message":" \u001b[31m\u001b[1m⨯\u001b[22m\u001b[39m components/PlateTable.jsx (533:33) @ date","level":"error","timestamp":"2025-01-17T04:02:07.011Z"}
{"message":" \u001b[31m\u001b[1m⨯\u001b[22m\u001b[39m ReferenceError: date is not defined\n    at PlateTable (./components/PlateTable.jsx:781:67)","level":"error","timestamp":"2025-01-17T04:02:07.012Z"}
{"message":"digest: \"1062388129\"","level":"error","timestamp":"2025-01-17T04:02:07.013Z"}
{"message":"\u001b[0m \u001b[90m 531 |\u001b[39m                   initialFocus\u001b[0m\n\u001b[0m \u001b[90m 532 |\u001b[39m                   mode\u001b[33m=\u001b[39m\u001b[32m\"range\"\u001b[39m\u001b[0m\n\u001b[0m\u001b[31m\u001b[1m>\u001b[22m\u001b[39m\u001b[90m 533 |\u001b[39m                   defaultMonth\u001b[33m=\u001b[39m{date\u001b[33m?\u001b[39m\u001b[33m.\u001b[39m\u001b[36mfrom\u001b[39m}\u001b[0m\n\u001b[0m \u001b[90m     |\u001b[39m                                 \u001b[31m\u001b[1m^\u001b[22m\u001b[39m\u001b[0m\n\u001b[0m \u001b[90m 534 |\u001b[39m                   selected\u001b[33m=\u001b[39m{date}\u001b[0m\n\u001b[0m \u001b[90m 535 |\u001b[39m                   onSelect\u001b[33m=\u001b[39m{handleDateRangeSelect}\u001b[0m\n\u001b[0m \u001b[90m 536 |\u001b[39m                   numberOfMonths\u001b[33m=\u001b[39m{\u001b[35m2\u001b[39m}\u001b[0m","level":"error","timestamp":"2025-01-17T04:02:07.014Z"}
{"message":"Fetching latest plate reads","level":"info","timestamp":"2025-01-17T04:02:09.060Z"}
{"message":"Fetching tags","level":"info","timestamp":"2025-01-17T04:02:09.062Z"}
{"message":"PlateTable rendering with data: 25","level":"info","timestamp":"2025-01-17T04:02:09.161Z"}
{"message":"<%s /> is using incorrect casing. Use PascalCase for React components, or lowercase for HTML elements. liveFeedSkeleton","level":"error","timestamp":"2025-01-17T04:02:09.163Z"}
{"message":" \u001b[31m\u001b[1m⨯\u001b[22m\u001b[39m components/PlateTable.jsx (533:33) @ date","level":"error","timestamp":"2025-01-17T04:02:09.169Z"}
{"message":" \u001b[31m\u001b[1m⨯\u001b[22m\u001b[39m ReferenceError: date is not defined\n    at PlateTable (./components/PlateTable.jsx:781:67)","level":"error","timestamp":"2025-01-17T04:02:09.170Z"}
{"message":"digest: \"1062388129\"","level":"error","timestamp":"2025-01-17T04:02:09.171Z"}
{"message":"\u001b[0m \u001b[90m 531 |\u001b[39m                   initialFocus\u001b[0m\n\u001b[0m \u001b[90m 532 |\u001b[39m                   mode\u001b[33m=\u001b[39m\u001b[32m\"range\"\u001b[39m\u001b[0m\n\u001b[0m\u001b[31m\u001b[1m>\u001b[22m\u001b[39m\u001b[90m 533 |\u001b[39m                   defaultMonth\u001b[33m=\u001b[39m{date\u001b[33m?\u001b[39m\u001b[33m.\u001b[39m\u001b[36mfrom\u001b[39m}\u001b[0m\n\u001b[0m \u001b[90m     |\u001b[39m                                 \u001b[31m\u001b[1m^\u001b[22m\u001b[39m\u001b[0m\n\u001b[0m \u001b[90m 534 |\u001b[39m                   selected\u001b[33m=\u001b[39m{date}\u001b[0m\n\u001b[0m \u001b[90m 535 |\u001b[39m                   onSelect\u001b[33m=\u001b[39m{handleDateRangeSelect}\u001b[0m\n\u001b[0m \u001b[90m 536 |\u001b[39m                   numberOfMonths\u001b[33m=\u001b[39m{\u001b[35m2\u001b[39m}\u001b[0m","level":"error","timestamp":"2025-01-17T04:02:09.172Z"}
{"message":" \u001b[31m\u001b[1m⨯\u001b[22m\u001b[39m ./components/PlateTable.jsx\nError:   \u001b[31m×\u001b[0m Expected corresponding JSX closing tag for <PopoverContent>\n     ╭─[\u001b[36;1;4m/Users/charliealgert/Downloads/newest_alpr/ALPR-Database/components/PlateTable.jsx\u001b[0m:541:1]\n \u001b[2m538\u001b[0m │                 numberOfMonths={2}\n \u001b[2m539\u001b[0m │               />\n \u001b[2m540\u001b[0m │             </PopoverContent>\n \u001b[2m541\u001b[0m │             </Popover>\n     · \u001b[35;1m            ──────────\u001b[0m\n \u001b[2m542\u001b[0m │ \n \u001b[2m543\u001b[0m │             <HourRangeFilter\n \u001b[2m544\u001b[0m │               timeFormat={timeFormat}\n     ╰────\n\nCaused by:\n    Syntax Error\n\nImport trace for requested module:\n./components/PlateTable.jsx\n./components/PlateTableWrapper.jsx","level":"error","timestamp":"2025-01-17T04:07:01.252Z"}
{"message":" \u001b[32m\u001b[1m✓\u001b[22m\u001b[39m Compiled in 397ms (3442 modules)","level":"info","timestamp":"2025-01-17T04:07:05.497Z"}
{"message":" \u001b[33m\u001b[1m⚠\u001b[22m\u001b[39m Fast Refresh had to perform a full reload due to a runtime error.","level":"warn","timestamp":"2025-01-17T04:07:05.538Z"}
{"message":" \u001b[32m\u001b[1m✓\u001b[22m\u001b[39m Compiled /api/verify-session in 97ms (1515 modules)","level":"info","timestamp":"2025-01-17T04:07:05.626Z"}
{"message":"Fetching latest plate reads","level":"info","timestamp":"2025-01-17T04:07:05.759Z"}
{"message":"Fetching tags","level":"info","timestamp":"2025-01-17T04:07:05.760Z"}
{"message":"Database connection successful","level":"info","timestamp":"2025-01-17T04:07:05.811Z"}
{"message":"PlateTable rendering with data: 25","level":"info","timestamp":"2025-01-17T04:07:05.969Z"}
{"message":" \u001b[32m\u001b[1m✓\u001b[22m\u001b[39m Compiled /favicon.ico in 127ms (1528 modules)","level":"info","timestamp":"2025-01-17T04:07:06.462Z"}
{"message":" \u001b[32m\u001b[1m✓\u001b[22m\u001b[39m Compiled in 389ms (3461 modules)","level":"info","timestamp":"2025-01-17T04:07:07.688Z"}
{"message":"Fetching latest plate reads","level":"info","timestamp":"2025-01-17T04:07:07.875Z"}
{"message":"Fetching tags","level":"info","timestamp":"2025-01-17T04:07:07.876Z"}
{"message":"Database connection successful","level":"info","timestamp":"2025-01-17T04:07:07.900Z"}
{"message":"Fetching latest plate reads","level":"info","timestamp":"2025-01-17T04:07:11.272Z"}
{"message":"Fetching tags","level":"info","timestamp":"2025-01-17T04:07:11.273Z"}
{"message":"Fetching latest plate reads","level":"info","timestamp":"2025-01-17T04:07:14.676Z"}
{"message":"Fetching tags","level":"info","timestamp":"2025-01-17T04:07:14.677Z"}
{"message":"Fetching latest plate reads","level":"info","timestamp":"2025-01-17T04:07:15.788Z"}
{"message":"Fetching tags","level":"info","timestamp":"2025-01-17T04:07:15.790Z"}
{"message":"Fetching latest plate reads","level":"info","timestamp":"2025-01-17T04:07:20.264Z"}
{"message":"Fetching tags","level":"info","timestamp":"2025-01-17T04:07:20.265Z"}
{"message":"Fetching latest plate reads","level":"info","timestamp":"2025-01-17T04:07:20.292Z"}
{"message":"Fetching tags","level":"info","timestamp":"2025-01-17T04:07:20.293Z"}
{"message":"Fetching latest plate reads","level":"info","timestamp":"2025-01-17T04:07:23.517Z"}
{"message":"Fetching tags","level":"info","timestamp":"2025-01-17T04:07:23.519Z"}
{"message":"Fetching latest plate reads","level":"info","timestamp":"2025-01-17T04:07:24.786Z"}
{"message":"Fetching tags","level":"info","timestamp":"2025-01-17T04:07:24.788Z"}
{"message":"Fetching latest plate reads","level":"info","timestamp":"2025-01-17T04:07:29.276Z"}
{"message":"Fetching tags","level":"info","timestamp":"2025-01-17T04:07:29.277Z"}
{"message":"Fetching latest plate reads","level":"info","timestamp":"2025-01-17T04:07:33.787Z"}
{"message":"Fetching tags","level":"info","timestamp":"2025-01-17T04:07:33.788Z"}
{"message":"Fetching latest plate reads","level":"info","timestamp":"2025-01-17T04:07:38.290Z"}
{"message":"Fetching tags","level":"info","timestamp":"2025-01-17T04:07:38.291Z"}
{"message":"Fetching latest plate reads","level":"info","timestamp":"2025-01-17T04:07:42.786Z"}
{"message":"Fetching tags","level":"info","timestamp":"2025-01-17T04:07:42.787Z"}
{"message":"Fetching latest plate reads","level":"info","timestamp":"2025-01-17T04:07:47.282Z"}
{"message":"Fetching tags","level":"info","timestamp":"2025-01-17T04:07:47.283Z"}
{"message":"Fetching latest plate reads","level":"info","timestamp":"2025-01-17T04:07:51.776Z"}
{"message":"Fetching tags","level":"info","timestamp":"2025-01-17T04:07:51.777Z"}
{"message":"Fetching latest plate reads","level":"info","timestamp":"2025-01-17T04:07:56.278Z"}
{"message":"Fetching tags","level":"info","timestamp":"2025-01-17T04:07:56.279Z"}
{"message":"Fetching latest plate reads","level":"info","timestamp":"2025-01-17T04:08:00.784Z"}
{"message":"Fetching tags","level":"info","timestamp":"2025-01-17T04:08:00.785Z"}
{"message":"Fetching latest plate reads","level":"info","timestamp":"2025-01-17T04:08:05.286Z"}
{"message":"Fetching tags","level":"info","timestamp":"2025-01-17T04:08:05.287Z"}
{"message":"Fetching latest plate reads","level":"info","timestamp":"2025-01-17T04:08:09.786Z"}
{"message":"Fetching tags","level":"info","timestamp":"2025-01-17T04:08:09.787Z"}
{"message":"Fetching latest plate reads","level":"info","timestamp":"2025-01-17T04:08:14.286Z"}
{"message":"Fetching tags","level":"info","timestamp":"2025-01-17T04:08:14.288Z"}
{"message":"Fetching latest plate reads","level":"info","timestamp":"2025-01-17T04:08:18.784Z"}
{"message":"Fetching tags","level":"info","timestamp":"2025-01-17T04:08:18.785Z"}
{"message":"Fetching latest plate reads","level":"info","timestamp":"2025-01-17T04:08:23.284Z"}
{"message":"Fetching tags","level":"info","timestamp":"2025-01-17T04:08:23.286Z"}
{"message":"Fetching latest plate reads","level":"info","timestamp":"2025-01-17T04:08:27.780Z"}
{"message":"Fetching tags","level":"info","timestamp":"2025-01-17T04:08:27.782Z"}
{"message":"Fetching latest plate reads","level":"info","timestamp":"2025-01-17T04:08:32.280Z"}
{"message":"Fetching tags","level":"info","timestamp":"2025-01-17T04:08:32.282Z"}
{"message":"Fetching latest plate reads","level":"info","timestamp":"2025-01-17T04:08:36.785Z"}
{"message":"Fetching tags","level":"info","timestamp":"2025-01-17T04:08:36.787Z"}
{"message":"Fetching latest plate reads","level":"info","timestamp":"2025-01-17T04:08:41.280Z"}
{"message":"Fetching tags","level":"info","timestamp":"2025-01-17T04:08:41.281Z"}
{"message":"Fetching latest plate reads","level":"info","timestamp":"2025-01-17T04:08:45.769Z"}
{"message":"Fetching tags","level":"info","timestamp":"2025-01-17T04:08:45.770Z"}
{"message":"Fetching latest plate reads","level":"info","timestamp":"2025-01-17T04:08:50.271Z"}
{"message":"Fetching tags","level":"info","timestamp":"2025-01-17T04:08:50.272Z"}
{"message":"Fetching latest plate reads","level":"info","timestamp":"2025-01-17T04:08:54.771Z"}
{"message":"Fetching tags","level":"info","timestamp":"2025-01-17T04:08:54.772Z"}
{"message":"Fetching latest plate reads","level":"info","timestamp":"2025-01-17T04:08:59.271Z"}
{"message":"Fetching tags","level":"info","timestamp":"2025-01-17T04:08:59.273Z"}
{"message":"Fetching latest plate reads","level":"info","timestamp":"2025-01-17T04:09:03.788Z"}
{"message":"Fetching tags","level":"info","timestamp":"2025-01-17T04:09:03.789Z"}
{"message":"Fetching latest plate reads","level":"info","timestamp":"2025-01-17T04:09:08.268Z"}
{"message":"Fetching tags","level":"info","timestamp":"2025-01-17T04:09:08.269Z"}
{"message":"Fetching latest plate reads","level":"info","timestamp":"2025-01-17T04:09:12.778Z"}
{"message":"Fetching tags","level":"info","timestamp":"2025-01-17T04:09:12.780Z"}
{"message":"Fetching latest plate reads","level":"info","timestamp":"2025-01-17T04:09:17.282Z"}
{"message":"Fetching tags","level":"info","timestamp":"2025-01-17T04:09:17.283Z"}
{"message":"Fetching latest plate reads","level":"info","timestamp":"2025-01-17T04:09:21.771Z"}
{"message":"Fetching tags","level":"info","timestamp":"2025-01-17T04:09:21.772Z"}
{"message":"Fetching latest plate reads","level":"info","timestamp":"2025-01-17T04:09:26.281Z"}
{"message":"Fetching tags","level":"info","timestamp":"2025-01-17T04:09:26.282Z"}
{"message":"Fetching latest plate reads","level":"info","timestamp":"2025-01-17T04:09:30.776Z"}
{"message":"Fetching tags","level":"info","timestamp":"2025-01-17T04:09:30.777Z"}
{"message":"Fetching latest plate reads","level":"info","timestamp":"2025-01-17T04:09:35.267Z"}
{"message":"Fetching tags","level":"info","timestamp":"2025-01-17T04:09:35.268Z"}
{"message":"Fetching latest plate reads","level":"info","timestamp":"2025-01-17T04:09:39.786Z"}
{"message":"Fetching tags","level":"info","timestamp":"2025-01-17T04:09:39.788Z"}
{"message":"Fetching latest plate reads","level":"info","timestamp":"2025-01-17T04:09:44.271Z"}
{"message":"Fetching tags","level":"info","timestamp":"2025-01-17T04:09:44.272Z"}
{"message":" \u001b[32m\u001b[1m✓\u001b[22m\u001b[39m Compiled in 762ms (3448 modules)","level":"info","timestamp":"2025-01-17T04:09:45.370Z"}
{"message":"Fetching latest plate reads","level":"info","timestamp":"2025-01-17T04:09:45.489Z"}
{"message":"Fetching tags","level":"info","timestamp":"2025-01-17T04:09:45.491Z"}
{"message":"Database connection successful","level":"info","timestamp":"2025-01-17T04:09:45.504Z"}
{"message":"Fetching latest plate reads","level":"info","timestamp":"2025-01-17T04:09:48.782Z"}
{"message":"Fetching tags","level":"info","timestamp":"2025-01-17T04:09:48.783Z"}
{"message":"Fetching latest plate reads","level":"info","timestamp":"2025-01-17T04:09:53.284Z"}
{"message":"Fetching tags","level":"info","timestamp":"2025-01-17T04:09:53.285Z"}
{"message":"Fetching latest plate reads","level":"info","timestamp":"2025-01-17T04:09:57.780Z"}
{"message":"Fetching tags","level":"info","timestamp":"2025-01-17T04:09:57.781Z"}
{"message":"Fetching latest plate reads","level":"info","timestamp":"2025-01-17T04:10:02.284Z"}
{"message":"Fetching tags","level":"info","timestamp":"2025-01-17T04:10:02.286Z"}
{"message":"Fetching latest plate reads","level":"info","timestamp":"2025-01-17T04:10:06.779Z"}
{"message":"Fetching tags","level":"info","timestamp":"2025-01-17T04:10:06.780Z"}
{"message":"Fetching latest plate reads","level":"info","timestamp":"2025-01-17T04:10:11.284Z"}
{"message":"Fetching tags","level":"info","timestamp":"2025-01-17T04:10:11.286Z"}
{"message":"Fetching latest plate reads","level":"info","timestamp":"2025-01-17T04:10:15.787Z"}
{"message":"Fetching tags","level":"info","timestamp":"2025-01-17T04:10:15.788Z"}
{"message":"Fetching latest plate reads","level":"info","timestamp":"2025-01-17T04:10:18.770Z"}
{"message":"Fetching tags","level":"info","timestamp":"2025-01-17T04:10:18.772Z"}
{"message":"Fetching latest plate reads","level":"info","timestamp":"2025-01-17T04:10:19.617Z"}
{"message":"Fetching tags","level":"info","timestamp":"2025-01-17T04:10:19.619Z"}
{"message":"PlateTable rendering with data: 25","level":"info","timestamp":"2025-01-17T04:10:19.806Z"}
{"message":" \u001b[32m\u001b[1m✓\u001b[22m\u001b[39m Compiled /favicon.ico in 151ms (1528 modules)","level":"info","timestamp":"2025-01-17T04:10:20.337Z"}
{"message":"Fetching latest plate reads","level":"info","timestamp":"2025-01-17T04:10:23.961Z"}
{"message":"Fetching tags","level":"info","timestamp":"2025-01-17T04:10:23.962Z"}
{"message":"Database connection successful","level":"info","timestamp":"2025-01-17T04:10:23.974Z"}
{"message":"Fetching latest plate reads","level":"info","timestamp":"2025-01-17T04:10:25.065Z"}
{"message":"Fetching tags","level":"info","timestamp":"2025-01-17T04:10:25.066Z"}
{"message":"Fetching latest plate reads","level":"info","timestamp":"2025-01-17T04:10:29.573Z"}
{"message":"Fetching tags","level":"info","timestamp":"2025-01-17T04:10:29.574Z"}
{"message":"Fetching latest plate reads","level":"info","timestamp":"2025-01-17T04:10:29.958Z"}
{"message":"Fetching tags","level":"info","timestamp":"2025-01-17T04:10:29.959Z"}
{"message":"Fetching latest plate reads","level":"info","timestamp":"2025-01-17T04:10:32.065Z"}
{"message":"Fetching tags","level":"info","timestamp":"2025-01-17T04:10:32.066Z"}
{"message":"Fetching latest plate reads","level":"info","timestamp":"2025-01-17T04:10:34.061Z"}
{"message":"Fetching tags","level":"info","timestamp":"2025-01-17T04:10:34.062Z"}
{"message":"Fetching latest plate reads","level":"info","timestamp":"2025-01-17T04:10:34.327Z"}
{"message":"Fetching tags","level":"info","timestamp":"2025-01-17T04:10:34.328Z"}
{"message":"Fetching latest plate reads","level":"info","timestamp":"2025-01-17T04:10:35.572Z"}
{"message":"Fetching tags","level":"info","timestamp":"2025-01-17T04:10:35.574Z"}
{"message":"Fetching latest plate reads","level":"info","timestamp":"2025-01-17T04:10:37.561Z"}
{"message":"Fetching tags","level":"info","timestamp":"2025-01-17T04:10:37.562Z"}
{"message":"Fetching latest plate reads","level":"info","timestamp":"2025-01-17T04:10:38.567Z"}
{"message":"Fetching tags","level":"info","timestamp":"2025-01-17T04:10:38.568Z"}
{"message":"Fetching latest plate reads","level":"info","timestamp":"2025-01-17T04:10:38.918Z"}
{"message":"Fetching tags","level":"info","timestamp":"2025-01-17T04:10:38.919Z"}
{"message":"Fetching latest plate reads","level":"info","timestamp":"2025-01-17T04:10:40.299Z"}
{"message":"Fetching tags","level":"info","timestamp":"2025-01-17T04:10:40.300Z"}
{"message":"Fetching latest plate reads","level":"info","timestamp":"2025-01-17T04:10:41.152Z"}
{"message":"Fetching tags","level":"info","timestamp":"2025-01-17T04:10:41.160Z"}
{"message":"Fetching latest plate reads","level":"info","timestamp":"2025-01-17T04:10:42.874Z"}
{"message":"Fetching tags","level":"info","timestamp":"2025-01-17T04:10:42.875Z"}
{"message":"Fetching latest plate reads","level":"info","timestamp":"2025-01-17T04:10:43.076Z"}
{"message":"Fetching tags","level":"info","timestamp":"2025-01-17T04:10:43.077Z"}
{"message":"Fetching latest plate reads","level":"info","timestamp":"2025-01-17T04:10:45.383Z"}
{"message":"Fetching tags","level":"info","timestamp":"2025-01-17T04:10:45.384Z"}
{"message":"Fetching latest plate reads","level":"info","timestamp":"2025-01-17T04:10:47.136Z"}
{"message":"Fetching tags","level":"info","timestamp":"2025-01-17T04:10:47.137Z"}
{"message":"Fetching latest plate reads","level":"info","timestamp":"2025-01-17T04:10:47.558Z"}
{"message":"Fetching tags","level":"info","timestamp":"2025-01-17T04:10:47.559Z"}
{"message":"Fetching latest plate reads","level":"info","timestamp":"2025-01-17T04:10:52.073Z"}
{"message":"Fetching tags","level":"info","timestamp":"2025-01-17T04:10:52.074Z"}
{"message":"Fetching latest plate reads","level":"info","timestamp":"2025-01-17T04:10:56.571Z"}
{"message":"Fetching tags","level":"info","timestamp":"2025-01-17T04:10:56.572Z"}
{"message":"Fetching latest plate reads","level":"info","timestamp":"2025-01-17T04:10:58.322Z"}
{"message":"Fetching tags","level":"info","timestamp":"2025-01-17T04:10:58.324Z"}
{"message":"Fetching latest plate reads","level":"info","timestamp":"2025-01-17T04:10:59.894Z"}
{"message":"Fetching tags","level":"info","timestamp":"2025-01-17T04:10:59.896Z"}
{"message":"Fetching latest plate reads","level":"info","timestamp":"2025-01-17T04:11:01.065Z"}
{"message":"Fetching tags","level":"info","timestamp":"2025-01-17T04:11:01.066Z"}
{"message":"Fetching latest plate reads","level":"info","timestamp":"2025-01-17T04:11:01.654Z"}
{"message":"Fetching tags","level":"info","timestamp":"2025-01-17T04:11:01.655Z"}
{"message":"Fetching latest plate reads","level":"info","timestamp":"2025-01-17T04:11:04.635Z"}
{"message":"Fetching tags","level":"info","timestamp":"2025-01-17T04:11:04.636Z"}
{"message":"Fetching latest plate reads","level":"info","timestamp":"2025-01-17T04:11:05.575Z"}
{"message":"Fetching tags","level":"info","timestamp":"2025-01-17T04:11:05.576Z"}
{"message":"Fetching latest plate reads","level":"info","timestamp":"2025-01-17T04:11:06.881Z"}
{"message":"Fetching tags","level":"info","timestamp":"2025-01-17T04:11:06.882Z"}
{"message":"Fetching latest plate reads","level":"info","timestamp":"2025-01-17T04:11:09.706Z"}
{"message":"Fetching tags","level":"info","timestamp":"2025-01-17T04:11:09.708Z"}
{"message":"Fetching latest plate reads","level":"info","timestamp":"2025-01-17T04:11:10.061Z"}
{"message":"Fetching tags","level":"info","timestamp":"2025-01-17T04:11:10.062Z"}
{"message":"Fetching latest plate reads","level":"info","timestamp":"2025-01-17T04:11:11.036Z"}
{"message":"Fetching tags","level":"info","timestamp":"2025-01-17T04:11:11.037Z"}
{"message":"Fetching latest plate reads","level":"info","timestamp":"2025-01-17T04:11:12.245Z"}
{"message":"Fetching tags","level":"info","timestamp":"2025-01-17T04:11:12.246Z"}
{"message":"Fetching latest plate reads","level":"info","timestamp":"2025-01-17T04:11:14.573Z"}
{"message":"Fetching tags","level":"info","timestamp":"2025-01-17T04:11:14.574Z"}
{"message":"Fetching latest plate reads","level":"info","timestamp":"2025-01-17T04:11:17.829Z"}
{"message":"Fetching tags","level":"info","timestamp":"2025-01-17T04:11:17.830Z"}
{"message":"Fetching latest plate reads","level":"info","timestamp":"2025-01-17T04:11:19.062Z"}
{"message":"Fetching tags","level":"info","timestamp":"2025-01-17T04:11:19.063Z"}
{"message":"Fetching latest plate reads","level":"info","timestamp":"2025-01-17T04:11:23.579Z"}
{"message":"Fetching tags","level":"info","timestamp":"2025-01-17T04:11:23.580Z"}
{"message":"Fetching latest plate reads","level":"info","timestamp":"2025-01-17T04:11:28.070Z"}
{"message":"Fetching tags","level":"info","timestamp":"2025-01-17T04:11:28.071Z"}
{"message":"Fetching latest plate reads","level":"info","timestamp":"2025-01-17T04:11:32.564Z"}
{"message":"Fetching tags","level":"info","timestamp":"2025-01-17T04:11:32.565Z"}
{"message":"Fetching latest plate reads","level":"info","timestamp":"2025-01-17T04:11:37.079Z"}
{"message":"Fetching tags","level":"info","timestamp":"2025-01-17T04:11:37.080Z"}
{"message":"Fetching latest plate reads","level":"info","timestamp":"2025-01-17T04:11:41.573Z"}
{"message":"Fetching tags","level":"info","timestamp":"2025-01-17T04:11:41.575Z"}
{"message":"Fetching latest plate reads","level":"info","timestamp":"2025-01-17T04:11:46.071Z"}
{"message":"Fetching tags","level":"info","timestamp":"2025-01-17T04:11:46.073Z"}
{"message":"Fetching latest plate reads","level":"info","timestamp":"2025-01-17T04:11:50.571Z"}
{"message":"Fetching tags","level":"info","timestamp":"2025-01-17T04:11:50.572Z"}
{"message":"Fetching latest plate reads","level":"info","timestamp":"2025-01-17T04:11:55.067Z"}
{"message":"Fetching tags","level":"info","timestamp":"2025-01-17T04:11:55.068Z"}
{"message":"Fetching latest plate reads","level":"info","timestamp":"2025-01-17T04:11:59.572Z"}
{"message":"Fetching tags","level":"info","timestamp":"2025-01-17T04:11:59.574Z"}
{"message":"Fetching latest plate reads","level":"info","timestamp":"2025-01-17T04:12:04.065Z"}
{"message":"Fetching tags","level":"info","timestamp":"2025-01-17T04:12:04.065Z"}
{"message":"Fetching latest plate reads","level":"info","timestamp":"2025-01-17T04:12:08.578Z"}
{"message":"Fetching tags","level":"info","timestamp":"2025-01-17T04:12:08.580Z"}
{"message":"Fetching latest plate reads","level":"info","timestamp":"2025-01-17T04:12:13.065Z"}
{"message":"Fetching tags","level":"info","timestamp":"2025-01-17T04:12:13.066Z"}
{"message":"Fetching latest plate reads","level":"info","timestamp":"2025-01-17T04:12:17.565Z"}
{"message":"Fetching tags","level":"info","timestamp":"2025-01-17T04:12:17.566Z"}
{"message":"Fetching latest plate reads","level":"info","timestamp":"2025-01-17T04:12:22.075Z"}
{"message":"Fetching tags","level":"info","timestamp":"2025-01-17T04:12:22.078Z"}
{"message":"Fetching latest plate reads","level":"info","timestamp":"2025-01-17T04:12:26.574Z"}
{"message":"Fetching tags","level":"info","timestamp":"2025-01-17T04:12:26.575Z"}
{"message":" \u001b[32m\u001b[1m✓\u001b[22m\u001b[39m Compiled in 638ms (3448 modules)","level":"info","timestamp":"2025-01-17T04:12:29.257Z"}
{"message":" \u001b[33m\u001b[1m⚠\u001b[22m\u001b[39m Fast Refresh had to perform a full reload due to a runtime error.","level":"warn","timestamp":"2025-01-17T04:12:29.328Z"}
{"message":"Fetching latest plate reads","level":"info","timestamp":"2025-01-17T04:12:29.407Z"}
{"message":"Fetching tags","level":"info","timestamp":"2025-01-17T04:12:29.408Z"}
{"message":"Database connection successful","level":"info","timestamp":"2025-01-17T04:12:29.423Z"}
{"message":"Fetching latest plate reads","level":"info","timestamp":"2025-01-17T04:12:29.432Z"}
{"message":"Fetching tags","level":"info","timestamp":"2025-01-17T04:12:29.433Z"}
{"message":"PlateTable rendering with data: 25","level":"info","timestamp":"2025-01-17T04:12:29.619Z"}
{"message":"<%s /> is using incorrect casing. Use PascalCase for React components, or lowercase for HTML elements. liveFeedSkeleton","level":"error","timestamp":"2025-01-17T04:12:29.629Z"}
{"message":" \u001b[31m\u001b[1m⨯\u001b[22m\u001b[39m components/PlateTable.jsx (535:51) @ range","level":"error","timestamp":"2025-01-17T04:12:29.639Z"}
{"message":" \u001b[31m\u001b[1m⨯\u001b[22m\u001b[39m ReferenceError: range is not defined\n    at PlateTable (./components/PlateTable.jsx:783:85)","level":"error","timestamp":"2025-01-17T04:12:29.640Z"}
{"message":"digest: \"699821546\"","level":"error","timestamp":"2025-01-17T04:12:29.641Z"}
{"message":"\u001b[0m \u001b[90m 533 |\u001b[39m                   defaultMonth\u001b[33m=\u001b[39m{filters\u001b[33m.\u001b[39mdateRange\u001b[33m?\u001b[39m\u001b[33m.\u001b[39m\u001b[36mfrom\u001b[39m}\u001b[0m\n\u001b[0m \u001b[90m 534 |\u001b[39m                   selected\u001b[33m=\u001b[39m{filters\u001b[33m.\u001b[39mdateRange\u001b[33m?\u001b[39m\u001b[33m.\u001b[39m\u001b[36mfrom\u001b[39m}\u001b[0m\n\u001b[0m\u001b[31m\u001b[1m>\u001b[22m\u001b[39m\u001b[90m 535 |\u001b[39m                   onSelect\u001b[33m=\u001b[39m{handleDateRangeSelect(range)}\u001b[0m\n\u001b[0m \u001b[90m     |\u001b[39m                                                   \u001b[31m\u001b[1m^\u001b[22m\u001b[39m\u001b[0m\n\u001b[0m \u001b[90m 536 |\u001b[39m                   numberOfMonths\u001b[33m=\u001b[39m{\u001b[35m2\u001b[39m}\u001b[0m\n\u001b[0m \u001b[90m 537 |\u001b[39m                 \u001b[33m/\u001b[39m\u001b[33m>\u001b[39m\u001b[0m\n\u001b[0m \u001b[90m 538 |\u001b[39m               \u001b[33m<\u001b[39m\u001b[33m/\u001b[39m\u001b[33mPopoverContent\u001b[39m\u001b[33m>\u001b[39m\u001b[0m","level":"error","timestamp":"2025-01-17T04:12:29.641Z"}
{"message":" \u001b[32m\u001b[1m✓\u001b[22m\u001b[39m Compiled /favicon.ico in 120ms (1528 modules)","level":"info","timestamp":"2025-01-17T04:12:29.870Z"}
{"message":" \u001b[32m\u001b[1m✓\u001b[22m\u001b[39m Compiled in 483ms (3461 modules)","level":"info","timestamp":"2025-01-17T04:13:00.215Z"}
{"message":"Fetching latest plate reads","level":"info","timestamp":"2025-01-17T04:13:00.326Z"}
{"message":"Fetching tags","level":"info","timestamp":"2025-01-17T04:13:00.327Z"}
{"message":" \u001b[33m\u001b[1m⚠\u001b[22m\u001b[39m Fast Refresh had to perform a full reload due to a runtime error.","level":"warn","timestamp":"2025-01-17T04:13:00.362Z"}
{"message":"Database connection successful","level":"info","timestamp":"2025-01-17T04:13:00.373Z"}
{"message":"PlateTable rendering with data: 25","level":"info","timestamp":"2025-01-17T04:13:00.510Z"}
{"message":"Fetching latest plate reads","level":"info","timestamp":"2025-01-17T04:13:05.605Z"}
{"message":"Fetching tags","level":"info","timestamp":"2025-01-17T04:13:05.607Z"}
{"message":"Fetching latest plate reads","level":"info","timestamp":"2025-01-17T04:13:06.386Z"}
{"message":"Fetching tags","level":"info","timestamp":"2025-01-17T04:13:06.387Z"}
{"message":"Fetching latest plate reads","level":"info","timestamp":"2025-01-17T04:13:07.631Z"}
{"message":"Fetching tags","level":"info","timestamp":"2025-01-17T04:13:07.633Z"}
{"message":"PlateTable rendering with data: 25","level":"info","timestamp":"2025-01-17T04:13:07.728Z"}
{"message":"Fetching latest plate reads","level":"info","timestamp":"2025-01-17T04:13:12.053Z"}
{"message":"Fetching tags","level":"info","timestamp":"2025-01-17T04:13:12.054Z"}
{"message":"Fetching latest plate reads","level":"info","timestamp":"2025-01-17T04:13:12.846Z"}
{"message":"Fetching tags","level":"info","timestamp":"2025-01-17T04:13:12.848Z"}
{"message":"Fetching latest plate reads","level":"info","timestamp":"2025-01-17T04:13:13.113Z"}
{"message":"Fetching tags","level":"info","timestamp":"2025-01-17T04:13:13.114Z"}
{"message":"Fetching latest plate reads","level":"info","timestamp":"2025-01-17T04:13:15.488Z"}
{"message":"Fetching tags","level":"info","timestamp":"2025-01-17T04:13:15.490Z"}
{"message":"Fetching latest plate reads","level":"info","timestamp":"2025-01-17T04:13:16.771Z"}
{"message":"Fetching tags","level":"info","timestamp":"2025-01-17T04:13:16.772Z"}
{"message":"Fetching latest plate reads","level":"info","timestamp":"2025-01-17T04:13:17.352Z"}
{"message":"Fetching tags","level":"info","timestamp":"2025-01-17T04:13:17.353Z"}
{"message":"Fetching latest plate reads","level":"info","timestamp":"2025-01-17T04:13:21.848Z"}
{"message":"Fetching tags","level":"info","timestamp":"2025-01-17T04:13:21.849Z"}
{"message":"Fetching latest plate reads","level":"info","timestamp":"2025-01-17T04:13:26.333Z"}
{"message":"Fetching tags","level":"info","timestamp":"2025-01-17T04:13:26.334Z"}
{"message":"Fetching latest plate reads","level":"info","timestamp":"2025-01-17T04:13:30.851Z"}
{"message":"Fetching tags","level":"info","timestamp":"2025-01-17T04:13:30.852Z"}
{"message":"Fetching latest plate reads","level":"info","timestamp":"2025-01-17T04:13:35.349Z"}
{"message":"Fetching tags","level":"info","timestamp":"2025-01-17T04:13:35.350Z"}
{"message":"Fetching latest plate reads","level":"info","timestamp":"2025-01-17T04:13:39.847Z"}
{"message":"Fetching tags","level":"info","timestamp":"2025-01-17T04:13:39.848Z"}
{"message":"Fetching latest plate reads","level":"info","timestamp":"2025-01-17T04:13:44.348Z"}
{"message":"Fetching tags","level":"info","timestamp":"2025-01-17T04:13:44.349Z"}
{"message":"Fetching latest plate reads","level":"info","timestamp":"2025-01-17T04:13:48.849Z"}
{"message":"Fetching tags","level":"info","timestamp":"2025-01-17T04:13:48.851Z"}
{"message":"Fetching latest plate reads","level":"info","timestamp":"2025-01-17T04:13:53.348Z"}
{"message":"Fetching tags","level":"info","timestamp":"2025-01-17T04:13:53.349Z"}
{"message":"Fetching latest plate reads","level":"info","timestamp":"2025-01-17T04:13:57.849Z"}
{"message":"Fetching tags","level":"info","timestamp":"2025-01-17T04:13:57.850Z"}
{"message":"Fetching latest plate reads","level":"info","timestamp":"2025-01-17T04:14:02.348Z"}
{"message":"Fetching tags","level":"info","timestamp":"2025-01-17T04:14:02.349Z"}
{"message":"Fetching latest plate reads","level":"info","timestamp":"2025-01-17T04:14:06.854Z"}
{"message":"Fetching tags","level":"info","timestamp":"2025-01-17T04:14:06.855Z"}
{"message":"Fetching latest plate reads","level":"info","timestamp":"2025-01-17T04:14:11.335Z"}
{"message":"Fetching tags","level":"info","timestamp":"2025-01-17T04:14:11.336Z"}
{"message":"Fetching latest plate reads","level":"info","timestamp":"2025-01-17T04:14:15.847Z"}
{"message":"Fetching tags","level":"info","timestamp":"2025-01-17T04:14:15.849Z"}
{"message":"Fetching latest plate reads","level":"info","timestamp":"2025-01-17T04:14:20.350Z"}
{"message":"Fetching tags","level":"info","timestamp":"2025-01-17T04:14:20.352Z"}
{"message":"Fetching latest plate reads","level":"info","timestamp":"2025-01-17T04:14:24.849Z"}
{"message":"Fetching tags","level":"info","timestamp":"2025-01-17T04:14:24.850Z"}
{"message":"Fetching latest plate reads","level":"info","timestamp":"2025-01-17T04:14:29.337Z"}
{"message":"Fetching tags","level":"info","timestamp":"2025-01-17T04:14:29.337Z"}
{"message":"Fetching latest plate reads","level":"info","timestamp":"2025-01-17T04:14:33.844Z"}
{"message":"Fetching tags","level":"info","timestamp":"2025-01-17T04:14:33.845Z"}
{"message":"Fetching latest plate reads","level":"info","timestamp":"2025-01-17T04:14:38.345Z"}
{"message":"Fetching tags","level":"info","timestamp":"2025-01-17T04:14:38.347Z"}
{"message":"Fetching latest plate reads","level":"info","timestamp":"2025-01-17T04:14:42.847Z"}
{"message":"Fetching tags","level":"info","timestamp":"2025-01-17T04:14:42.848Z"}
{"message":"Fetching latest plate reads","level":"info","timestamp":"2025-01-17T04:14:47.345Z"}
{"message":"Fetching tags","level":"info","timestamp":"2025-01-17T04:14:47.346Z"}
{"message":"Fetching latest plate reads","level":"info","timestamp":"2025-01-17T04:14:51.849Z"}
{"message":"Fetching tags","level":"info","timestamp":"2025-01-17T04:14:51.850Z"}
{"message":"Fetching latest plate reads","level":"info","timestamp":"2025-01-17T04:14:56.341Z"}
{"message":"Fetching tags","level":"info","timestamp":"2025-01-17T04:14:56.342Z"}
{"message":"Fetching latest plate reads","level":"info","timestamp":"2025-01-17T04:15:00.847Z"}
{"message":"Fetching tags","level":"info","timestamp":"2025-01-17T04:15:00.848Z"}
{"message":"Fetching latest plate reads","level":"info","timestamp":"2025-01-17T04:15:05.349Z"}
{"message":"Fetching tags","level":"info","timestamp":"2025-01-17T04:15:05.350Z"}
{"message":"Fetching latest plate reads","level":"info","timestamp":"2025-01-17T04:15:09.845Z"}
{"message":"Fetching tags","level":"info","timestamp":"2025-01-17T04:15:09.846Z"}
{"message":"Fetching latest plate reads","level":"info","timestamp":"2025-01-17T04:15:14.343Z"}
{"message":"Fetching tags","level":"info","timestamp":"2025-01-17T04:15:14.344Z"}
{"message":"Fetching latest plate reads","level":"info","timestamp":"2025-01-17T04:15:18.851Z"}
{"message":"Fetching tags","level":"info","timestamp":"2025-01-17T04:15:18.852Z"}
{"message":"Fetching latest plate reads","level":"info","timestamp":"2025-01-17T04:15:23.348Z"}
{"message":"Fetching tags","level":"info","timestamp":"2025-01-17T04:15:23.349Z"}
{"message":"Fetching latest plate reads","level":"info","timestamp":"2025-01-17T04:15:27.841Z"}
{"message":"Fetching tags","level":"info","timestamp":"2025-01-17T04:15:27.842Z"}
{"message":"Fetching latest plate reads","level":"info","timestamp":"2025-01-17T04:15:32.350Z"}
{"message":"Fetching tags","level":"info","timestamp":"2025-01-17T04:15:32.351Z"}
{"message":"Fetching latest plate reads","level":"info","timestamp":"2025-01-17T04:15:36.835Z"}
{"message":"Fetching tags","level":"info","timestamp":"2025-01-17T04:15:36.837Z"}
{"message":"Fetching latest plate reads","level":"info","timestamp":"2025-01-17T04:15:41.343Z"}
{"message":"Fetching tags","level":"info","timestamp":"2025-01-17T04:15:41.344Z"}
{"message":"Fetching latest plate reads","level":"info","timestamp":"2025-01-17T04:15:45.840Z"}
{"message":"Fetching tags","level":"info","timestamp":"2025-01-17T04:15:45.841Z"}
{"message":"Fetching latest plate reads","level":"info","timestamp":"2025-01-17T04:15:50.340Z"}
{"message":"Fetching tags","level":"info","timestamp":"2025-01-17T04:15:50.342Z"}
{"message":"Fetching latest plate reads","level":"info","timestamp":"2025-01-17T04:15:54.850Z"}
{"message":"Fetching tags","level":"info","timestamp":"2025-01-17T04:15:54.852Z"}
{"message":"Fetching latest plate reads","level":"info","timestamp":"2025-01-17T04:15:59.340Z"}
{"message":"Fetching tags","level":"info","timestamp":"2025-01-17T04:15:59.341Z"}
{"message":"Fetching latest plate reads","level":"info","timestamp":"2025-01-17T04:16:03.844Z"}
{"message":"Fetching tags","level":"info","timestamp":"2025-01-17T04:16:03.845Z"}
{"message":"Fetching latest plate reads","level":"info","timestamp":"2025-01-17T04:16:08.343Z"}
{"message":"Fetching tags","level":"info","timestamp":"2025-01-17T04:16:08.344Z"}
{"message":"Fetching latest plate reads","level":"info","timestamp":"2025-01-17T04:16:12.842Z"}
{"message":"Fetching tags","level":"info","timestamp":"2025-01-17T04:16:12.844Z"}
{"message":"Fetching latest plate reads","level":"info","timestamp":"2025-01-17T04:16:17.344Z"}
{"message":"Fetching tags","level":"info","timestamp":"2025-01-17T04:16:17.345Z"}
{"message":"Fetching latest plate reads","level":"info","timestamp":"2025-01-17T04:16:21.840Z"}
{"message":"Fetching tags","level":"info","timestamp":"2025-01-17T04:16:21.840Z"}
{"message":"Fetching latest plate reads","level":"info","timestamp":"2025-01-17T04:16:26.342Z"}
{"message":"Fetching tags","level":"info","timestamp":"2025-01-17T04:16:26.343Z"}
{"message":"Fetching latest plate reads","level":"info","timestamp":"2025-01-17T04:16:30.849Z"}
{"message":"Fetching tags","level":"info","timestamp":"2025-01-17T04:16:30.850Z"}
{"message":"Fetching latest plate reads","level":"info","timestamp":"2025-01-17T04:16:35.332Z"}
{"message":"Fetching tags","level":"info","timestamp":"2025-01-17T04:16:35.333Z"}
{"message":"Fetching latest plate reads","level":"info","timestamp":"2025-01-17T04:16:39.845Z"}
{"message":"Fetching tags","level":"info","timestamp":"2025-01-17T04:16:39.846Z"}
{"message":"Fetching latest plate reads","level":"info","timestamp":"2025-01-17T04:16:44.344Z"}
{"message":"Fetching tags","level":"info","timestamp":"2025-01-17T04:16:44.346Z"}
{"message":"Fetching latest plate reads","level":"info","timestamp":"2025-01-17T04:16:46.693Z"}
{"message":"Fetching tags","level":"info","timestamp":"2025-01-17T04:16:46.694Z"}
{"message":"Fetching latest plate reads","level":"info","timestamp":"2025-01-17T04:16:48.843Z"}
{"message":"Fetching tags","level":"info","timestamp":"2025-01-17T04:16:48.845Z"}
{"message":"Fetching latest plate reads","level":"info","timestamp":"2025-01-17T04:16:49.889Z"}
{"message":"Fetching tags","level":"info","timestamp":"2025-01-17T04:16:49.890Z"}
{"message":"Fetching latest plate reads","level":"info","timestamp":"2025-01-17T04:16:51.972Z"}
{"message":"Fetching tags","level":"info","timestamp":"2025-01-17T04:16:51.973Z"}
{"message":"Fetching latest plate reads","level":"info","timestamp":"2025-01-17T04:16:53.092Z"}
{"message":"Fetching tags","level":"info","timestamp":"2025-01-17T04:16:53.093Z"}
{"message":"Fetching latest plate reads","level":"info","timestamp":"2025-01-17T04:16:53.351Z"}
{"message":"Fetching tags","level":"info","timestamp":"2025-01-17T04:16:53.352Z"}
{"message":"Fetching latest plate reads","level":"info","timestamp":"2025-01-17T04:16:54.072Z"}
{"message":"Fetching tags","level":"info","timestamp":"2025-01-17T04:16:54.073Z"}
{"message":" \u001b[37m\u001b[1m○\u001b[22m\u001b[39m Compiling /database ...","level":"info","timestamp":"2025-01-17T04:16:57.818Z"}
{"message":" \u001b[32m\u001b[1m✓\u001b[22m\u001b[39m Compiled /database in 1694ms (4076 modules)","level":"info","timestamp":"2025-01-17T04:16:59.008Z"}
{"message":"Querying plate database","level":"info","timestamp":"2025-01-17T04:16:59.397Z"}
{"message":"Database connection successful","level":"info","timestamp":"2025-01-17T04:16:59.407Z"}
{"message":"Fetching tags","level":"info","timestamp":"2025-01-17T04:16:59.432Z"}
{"message":"Querying plate database","level":"info","timestamp":"2025-01-17T04:16:59.537Z"}
{"message":"Fetching tags","level":"info","timestamp":"2025-01-17T04:16:59.565Z"}
{"message":"Querying plate database","level":"info","timestamp":"2025-01-17T04:17:01.885Z"}
{"message":"Querying plate database","level":"info","timestamp":"2025-01-17T04:17:03.443Z"}
{"message":"Fetching latest plate reads","level":"info","timestamp":"2025-01-17T04:17:11.564Z"}
{"message":"Fetching tags","level":"info","timestamp":"2025-01-17T04:17:11.565Z"}
{"message":" \u001b[32m\u001b[1m✓\u001b[22m\u001b[39m Compiled /dashboard in 420ms (2283 modules)","level":"info","timestamp":"2025-01-17T04:17:14.604Z"}
{"message":"Fetching dashboard metrics","level":"info","timestamp":"2025-01-17T04:17:15.123Z"}
{"message":"Database connection successful","level":"info","timestamp":"2025-01-17T04:17:15.129Z"}
{"message":"Fetching dashboard metrics","level":"info","timestamp":"2025-01-17T04:17:15.186Z"}
{"message":"Fetching latest plate reads","level":"info","timestamp":"2025-01-17T04:17:19.852Z"}
{"message":"Fetching tags","level":"info","timestamp":"2025-01-17T04:17:19.853Z"}
{"message":"Database connection successful","level":"info","timestamp":"2025-01-17T04:17:19.860Z"}
{"message":"Fetching latest plate reads","level":"info","timestamp":"2025-01-17T04:17:24.883Z"}
{"message":"Fetching tags","level":"info","timestamp":"2025-01-17T04:17:24.885Z"}
{"message":"Fetching dashboard metrics","level":"info","timestamp":"2025-01-17T04:17:25.713Z"}
{"message":"Fetching dashboard metrics","level":"info","timestamp":"2025-01-17T04:17:25.772Z"}
{"message":"Querying plate database","level":"info","timestamp":"2025-01-17T04:17:28.124Z"}
{"message":"Fetching tags","level":"info","timestamp":"2025-01-17T04:17:28.149Z"}
{"message":"Querying plate database","level":"info","timestamp":"2025-01-17T04:17:28.231Z"}
{"message":"Fetching tags","level":"info","timestamp":"2025-01-17T04:17:28.252Z"}
{"message":"Fetching latest plate reads","level":"info","timestamp":"2025-01-17T04:17:29.854Z"}
{"message":"Fetching tags","level":"info","timestamp":"2025-01-17T04:17:29.855Z"}
{"message":"Fetching latest plate reads","level":"info","timestamp":"2025-01-17T04:17:32.478Z"}
{"message":"Fetching tags","level":"info","timestamp":"2025-01-17T04:17:32.479Z"}
{"message":"Fetching latest plate reads","level":"info","timestamp":"2025-01-17T04:17:34.242Z"}
{"message":"Fetching tags","level":"info","timestamp":"2025-01-17T04:17:34.243Z"}
{"message":"Fetching latest plate reads","level":"info","timestamp":"2025-01-17T04:17:34.694Z"}
{"message":"Fetching tags","level":"info","timestamp":"2025-01-17T04:17:34.695Z"}
{"message":"Fetching latest plate reads","level":"info","timestamp":"2025-01-17T04:17:39.281Z"}
{"message":"Fetching tags","level":"info","timestamp":"2025-01-17T04:17:39.284Z"}
{"message":"Fetching latest plate reads","level":"info","timestamp":"2025-01-17T04:17:43.693Z"}
{"message":"Fetching tags","level":"info","timestamp":"2025-01-17T04:17:43.695Z"}
{"message":"Fetching latest plate reads","level":"info","timestamp":"2025-01-17T04:17:48.204Z"}
{"message":"Fetching tags","level":"info","timestamp":"2025-01-17T04:17:48.206Z"}
{"message":"Fetching latest plate reads","level":"info","timestamp":"2025-01-17T04:17:52.693Z"}
{"message":"Fetching tags","level":"info","timestamp":"2025-01-17T04:17:52.694Z"}
{"message":"Fetching latest plate reads","level":"info","timestamp":"2025-01-17T04:17:57.208Z"}
{"message":"Fetching tags","level":"info","timestamp":"2025-01-17T04:17:57.209Z"}
{"message":"Fetching latest plate reads","level":"info","timestamp":"2025-01-17T04:18:01.707Z"}
{"message":"Fetching tags","level":"info","timestamp":"2025-01-17T04:18:01.708Z"}
{"message":"Fetching latest plate reads","level":"info","timestamp":"2025-01-17T04:18:06.198Z"}
{"message":"Fetching tags","level":"info","timestamp":"2025-01-17T04:18:06.199Z"}
{"message":"Fetching latest plate reads","level":"info","timestamp":"2025-01-17T04:18:10.706Z"}
{"message":"Fetching tags","level":"info","timestamp":"2025-01-17T04:18:10.707Z"}
{"message":"Fetching latest plate reads","level":"info","timestamp":"2025-01-17T04:18:15.190Z"}
{"message":"Fetching tags","level":"info","timestamp":"2025-01-17T04:18:15.191Z"}
{"message":"Fetching latest plate reads","level":"info","timestamp":"2025-01-17T04:18:19.703Z"}
{"message":"Fetching tags","level":"info","timestamp":"2025-01-17T04:18:19.704Z"}
{"message":"Fetching latest plate reads","level":"info","timestamp":"2025-01-17T04:18:24.194Z"}
{"message":"Fetching tags","level":"info","timestamp":"2025-01-17T04:18:24.195Z"}
{"message":"Fetching latest plate reads","level":"info","timestamp":"2025-01-17T04:18:28.705Z"}
{"message":"Fetching tags","level":"info","timestamp":"2025-01-17T04:18:28.706Z"}
{"message":"Fetching latest plate reads","level":"info","timestamp":"2025-01-17T04:18:33.205Z"}
{"message":"Fetching tags","level":"info","timestamp":"2025-01-17T04:18:33.206Z"}
{"message":"Fetching latest plate reads","level":"info","timestamp":"2025-01-17T04:18:37.689Z"}
{"message":"Fetching tags","level":"info","timestamp":"2025-01-17T04:18:37.690Z"}
{"message":"Fetching latest plate reads","level":"info","timestamp":"2025-01-17T04:18:42.200Z"}
{"message":"Fetching tags","level":"info","timestamp":"2025-01-17T04:18:42.201Z"}
{"message":"Fetching latest plate reads","level":"info","timestamp":"2025-01-17T04:18:46.690Z"}
{"message":"Fetching tags","level":"info","timestamp":"2025-01-17T04:18:46.691Z"}
{"message":"Fetching latest plate reads","level":"info","timestamp":"2025-01-17T04:18:51.193Z"}
{"message":"Fetching tags","level":"info","timestamp":"2025-01-17T04:18:51.194Z"}
{"message":"Fetching latest plate reads","level":"info","timestamp":"2025-01-17T04:18:55.695Z"}
{"message":"Fetching tags","level":"info","timestamp":"2025-01-17T04:18:55.696Z"}
{"message":"Fetching latest plate reads","level":"info","timestamp":"2025-01-17T04:19:00.199Z"}
{"message":"Fetching tags","level":"info","timestamp":"2025-01-17T04:19:00.201Z"}
{"message":"Fetching latest plate reads","level":"info","timestamp":"2025-01-17T04:19:04.692Z"}
{"message":"Fetching tags","level":"info","timestamp":"2025-01-17T04:19:04.694Z"}
{"message":"Fetching latest plate reads","level":"info","timestamp":"2025-01-17T04:19:09.205Z"}
{"message":"Fetching tags","level":"info","timestamp":"2025-01-17T04:19:09.207Z"}
{"message":"Fetching latest plate reads","level":"info","timestamp":"2025-01-17T04:19:13.705Z"}
{"message":"Fetching tags","level":"info","timestamp":"2025-01-17T04:19:13.706Z"}
{"message":"Fetching latest plate reads","level":"info","timestamp":"2025-01-17T04:19:18.190Z"}
{"message":"Fetching tags","level":"info","timestamp":"2025-01-17T04:19:18.191Z"}
{"message":"Fetching latest plate reads","level":"info","timestamp":"2025-01-17T04:19:22.693Z"}
{"message":"Fetching tags","level":"info","timestamp":"2025-01-17T04:19:22.694Z"}
{"message":"Fetching latest plate reads","level":"info","timestamp":"2025-01-17T04:19:27.206Z"}
{"message":"Fetching tags","level":"info","timestamp":"2025-01-17T04:19:27.208Z"}
{"message":"Fetching latest plate reads","level":"info","timestamp":"2025-01-17T04:19:31.697Z"}
{"message":"Fetching tags","level":"info","timestamp":"2025-01-17T04:19:31.698Z"}
{"message":"Fetching latest plate reads","level":"info","timestamp":"2025-01-17T04:19:36.196Z"}
{"message":"Fetching tags","level":"info","timestamp":"2025-01-17T04:19:36.197Z"}
{"message":"Fetching latest plate reads","level":"info","timestamp":"2025-01-17T04:19:40.707Z"}
{"message":"Fetching tags","level":"info","timestamp":"2025-01-17T04:19:40.708Z"}
{"message":"Fetching latest plate reads","level":"info","timestamp":"2025-01-17T04:19:45.204Z"}
{"message":"Fetching tags","level":"info","timestamp":"2025-01-17T04:19:45.205Z"}
{"message":"Fetching latest plate reads","level":"info","timestamp":"2025-01-17T04:19:49.694Z"}
{"message":"Fetching tags","level":"info","timestamp":"2025-01-17T04:19:49.695Z"}
{"message":"Fetching latest plate reads","level":"info","timestamp":"2025-01-17T04:19:54.205Z"}
{"message":"Fetching tags","level":"info","timestamp":"2025-01-17T04:19:54.206Z"}
{"message":"Fetching latest plate reads","level":"info","timestamp":"2025-01-17T04:19:58.723Z"}
{"message":"Fetching tags","level":"info","timestamp":"2025-01-17T04:19:58.724Z"}
{"message":"Fetching latest plate reads","level":"info","timestamp":"2025-01-17T04:20:03.194Z"}
{"message":"Fetching tags","level":"info","timestamp":"2025-01-17T04:20:03.195Z"}
{"message":"Fetching latest plate reads","level":"info","timestamp":"2025-01-17T04:20:07.694Z"}
{"message":"Fetching tags","level":"info","timestamp":"2025-01-17T04:20:07.695Z"}
{"message":"Fetching latest plate reads","level":"info","timestamp":"2025-01-17T04:20:12.203Z"}
{"message":"Fetching tags","level":"info","timestamp":"2025-01-17T04:20:12.204Z"}
{"message":"Fetching latest plate reads","level":"info","timestamp":"2025-01-17T04:20:16.702Z"}
{"message":"Fetching tags","level":"info","timestamp":"2025-01-17T04:20:16.704Z"}
{"message":"Fetching latest plate reads","level":"info","timestamp":"2025-01-17T04:20:21.195Z"}
{"message":"Fetching tags","level":"info","timestamp":"2025-01-17T04:20:21.196Z"}
{"message":"Fetching latest plate reads","level":"info","timestamp":"2025-01-17T04:20:25.696Z"}
{"message":"Fetching tags","level":"info","timestamp":"2025-01-17T04:20:25.697Z"}
{"message":"Fetching latest plate reads","level":"info","timestamp":"2025-01-17T04:20:30.206Z"}
{"message":"Fetching tags","level":"info","timestamp":"2025-01-17T04:20:30.207Z"}
{"message":"Fetching latest plate reads","level":"info","timestamp":"2025-01-17T04:20:34.701Z"}
{"message":"Fetching tags","level":"info","timestamp":"2025-01-17T04:20:34.703Z"}
{"message":"Fetching latest plate reads","level":"info","timestamp":"2025-01-17T04:20:39.203Z"}
{"message":"Fetching tags","level":"info","timestamp":"2025-01-17T04:20:39.205Z"}
{"message":"Fetching latest plate reads","level":"info","timestamp":"2025-01-17T04:20:43.700Z"}
{"message":"Fetching tags","level":"info","timestamp":"2025-01-17T04:20:43.701Z"}
{"message":"Fetching latest plate reads","level":"info","timestamp":"2025-01-17T04:20:48.199Z"}
{"message":"Fetching tags","level":"info","timestamp":"2025-01-17T04:20:48.201Z"}
{"message":"Fetching latest plate reads","level":"info","timestamp":"2025-01-17T04:20:52.703Z"}
{"message":"Fetching tags","level":"info","timestamp":"2025-01-17T04:20:52.704Z"}
{"message":"Fetching latest plate reads","level":"info","timestamp":"2025-01-17T04:20:57.201Z"}
{"message":"Fetching tags","level":"info","timestamp":"2025-01-17T04:20:57.202Z"}
{"message":"Fetching latest plate reads","level":"info","timestamp":"2025-01-17T04:21:01.719Z"}
{"message":"Fetching tags","level":"info","timestamp":"2025-01-17T04:21:01.720Z"}
{"message":"Fetching latest plate reads","level":"info","timestamp":"2025-01-17T04:21:11.518Z"}
{"message":"Fetching tags","level":"info","timestamp":"2025-01-17T04:21:11.519Z"}
{"message":"Fetching latest plate reads","level":"info","timestamp":"2025-01-17T04:21:14.586Z"}
{"message":"Fetching tags","level":"info","timestamp":"2025-01-17T04:21:14.587Z"}
{"message":"Fetching latest plate reads","level":"info","timestamp":"2025-01-17T04:21:15.248Z"}
{"message":"Fetching tags","level":"info","timestamp":"2025-01-17T04:21:15.249Z"}
{"message":"Fetching latest plate reads","level":"info","timestamp":"2025-01-17T04:21:19.767Z"}
{"message":"Fetching tags","level":"info","timestamp":"2025-01-17T04:21:19.768Z"}
{"message":"Fetching latest plate reads","level":"info","timestamp":"2025-01-17T04:21:21.988Z"}
{"message":"Fetching tags","level":"info","timestamp":"2025-01-17T04:21:21.990Z"}
{"message":"Fetching latest plate reads","level":"info","timestamp":"2025-01-17T04:21:24.128Z"}
{"message":"Fetching tags","level":"info","timestamp":"2025-01-17T04:21:24.129Z"}
{"message":" \u001b[32m\u001b[1m✓\u001b[22m\u001b[39m Compiled in 865ms (4221 modules)","level":"info","timestamp":"2025-01-17T04:24:13.160Z"}
{"message":" \u001b[32m\u001b[1m✓\u001b[22m\u001b[39m Compiled /api/verify-session in 172ms (2283 modules)","level":"info","timestamp":"2025-01-17T04:24:13.392Z"}
{"message":"Fetching latest plate reads","level":"info","timestamp":"2025-01-17T04:24:13.524Z"}
{"message":"Fetching tags","level":"info","timestamp":"2025-01-17T04:24:13.526Z"}
{"message":"Database connection successful","level":"info","timestamp":"2025-01-17T04:24:13.542Z"}
{"message":" \u001b[32m\u001b[1m✓\u001b[22m\u001b[39m Compiled in 581ms (4227 modules)","level":"info","timestamp":"2025-01-17T04:25:02.929Z"}
{"message":"Fetching latest plate reads","level":"info","timestamp":"2025-01-17T04:25:03.034Z"}
{"message":"Fetching tags","level":"info","timestamp":"2025-01-17T04:25:03.035Z"}
{"message":"Database connection successful","level":"info","timestamp":"2025-01-17T04:25:03.049Z"}
{"message":" \u001b[32m\u001b[1m✓\u001b[22m\u001b[39m Compiled in 381ms (4227 modules)","level":"info","timestamp":"2025-01-17T04:25:07.520Z"}
{"message":"Fetching latest plate reads","level":"info","timestamp":"2025-01-17T04:25:07.580Z"}
{"message":"Fetching tags","level":"info","timestamp":"2025-01-17T04:25:07.581Z"}
{"message":"Database connection successful","level":"info","timestamp":"2025-01-17T04:25:07.590Z"}
{"message":"Fetching latest plate reads","level":"info","timestamp":"2025-01-17T04:25:08.567Z"}
{"message":"Fetching tags","level":"info","timestamp":"2025-01-17T04:25:08.569Z"}
{"message":"PlateTable rendering with data: 25","level":"info","timestamp":"2025-01-17T04:25:08.729Z"}
{"message":" \u001b[32m\u001b[1m✓\u001b[22m\u001b[39m Compiled /favicon.ico in 448ms (2296 modules)","level":"info","timestamp":"2025-01-17T04:25:09.460Z"}
{"message":"Fetching latest plate reads","level":"info","timestamp":"2025-01-17T04:25:09.914Z"}
{"message":"Fetching tags","level":"info","timestamp":"2025-01-17T04:25:09.916Z"}
{"message":"Database connection successful","level":"info","timestamp":"2025-01-17T04:25:09.928Z"}
{"message":"Fetching latest plate reads","level":"info","timestamp":"2025-01-17T04:25:13.713Z"}
{"message":"Fetching tags","level":"info","timestamp":"2025-01-17T04:25:13.715Z"}
{"message":"Fetching latest plate reads","level":"info","timestamp":"2025-01-17T04:25:14.892Z"}
{"message":"Fetching tags","level":"info","timestamp":"2025-01-17T04:25:14.894Z"}
{"message":"Fetching latest plate reads","level":"info","timestamp":"2025-01-17T04:25:16.540Z"}
{"message":"Fetching tags","level":"info","timestamp":"2025-01-17T04:25:16.541Z"}
{"message":"Fetching latest plate reads","level":"info","timestamp":"2025-01-17T04:25:17.593Z"}
{"message":"Fetching tags","level":"info","timestamp":"2025-01-17T04:25:17.594Z"}
{"message":"Fetching latest plate reads","level":"info","timestamp":"2025-01-17T04:25:19.682Z"}
{"message":"Fetching tags","level":"info","timestamp":"2025-01-17T04:25:19.684Z"}
{"message":"Fetching latest plate reads","level":"info","timestamp":"2025-01-17T04:25:24.121Z"}
{"message":"Fetching tags","level":"info","timestamp":"2025-01-17T04:25:24.122Z"}
{"message":" \u001b[32m\u001b[1m✓\u001b[22m\u001b[39m Compiled in 838ms (4221 modules)","level":"info","timestamp":"2025-01-17T04:27:15.939Z"}
{"message":" \u001b[32m\u001b[1m✓\u001b[22m\u001b[39m Compiled /api/verify-session in 162ms (2283 modules)","level":"info","timestamp":"2025-01-17T04:27:16.119Z"}
{"message":"Fetching latest plate reads","level":"info","timestamp":"2025-01-17T04:27:16.230Z"}
{"message":"Fetching tags","level":"info","timestamp":"2025-01-17T04:27:16.231Z"}
{"message":"Database connection successful","level":"info","timestamp":"2025-01-17T04:27:16.245Z"}
{"message":"Fetching latest plate reads","level":"info","timestamp":"2025-01-17T04:27:22.615Z"}
{"message":"Fetching tags","level":"info","timestamp":"2025-01-17T04:27:22.617Z"}
{"message":"PlateTable rendering with data: 25","level":"info","timestamp":"2025-01-17T04:27:22.809Z"}
{"message":" \u001b[32m\u001b[1m✓\u001b[22m\u001b[39m Compiled /favicon.ico in 194ms (2296 modules)","level":"info","timestamp":"2025-01-17T04:27:23.342Z"}
{"message":"Fetching latest plate reads","level":"info","timestamp":"2025-01-17T04:27:24.779Z"}
{"message":"Fetching tags","level":"info","timestamp":"2025-01-17T04:27:24.781Z"}
{"message":"Database connection successful","level":"info","timestamp":"2025-01-17T04:27:24.793Z"}
{"message":"Fetching latest plate reads","level":"info","timestamp":"2025-01-17T04:27:26.939Z"}
{"message":"Fetching tags","level":"info","timestamp":"2025-01-17T04:27:26.940Z"}
{"message":"Fetching latest plate reads","level":"info","timestamp":"2025-01-17T04:27:27.773Z"}
{"message":"Fetching tags","level":"info","timestamp":"2025-01-17T04:27:27.775Z"}
{"message":"Fetching latest plate reads","level":"info","timestamp":"2025-01-17T04:27:31.741Z"}
{"message":"Fetching tags","level":"info","timestamp":"2025-01-17T04:27:31.743Z"}
{"message":"Fetching latest plate reads","level":"info","timestamp":"2025-01-17T04:27:33.364Z"}
{"message":"Fetching tags","level":"info","timestamp":"2025-01-17T04:27:33.365Z"}
{"message":"Fetching latest plate reads","level":"info","timestamp":"2025-01-17T04:27:35.774Z"}
{"message":"Fetching tags","level":"info","timestamp":"2025-01-17T04:27:35.775Z"}
{"message":"Fetching latest plate reads","level":"info","timestamp":"2025-01-17T04:27:40.655Z"}
{"message":"Fetching tags","level":"info","timestamp":"2025-01-17T04:27:40.657Z"}
{"message":"Fetching latest plate reads","level":"info","timestamp":"2025-01-17T04:27:43.463Z"}
{"message":"Fetching tags","level":"info","timestamp":"2025-01-17T04:27:43.464Z"}
{"message":"Fetching latest plate reads","level":"info","timestamp":"2025-01-17T04:27:46.204Z"}
{"message":"Fetching tags","level":"info","timestamp":"2025-01-17T04:27:46.206Z"}
{"message":"Fetching latest plate reads","level":"info","timestamp":"2025-01-17T04:27:50.011Z"}
{"message":"Fetching tags","level":"info","timestamp":"2025-01-17T04:27:50.013Z"}
{"message":"Fetching latest plate reads","level":"info","timestamp":"2025-01-17T04:27:52.027Z"}
{"message":"Fetching tags","level":"info","timestamp":"2025-01-17T04:27:52.028Z"}
{"message":"Fetching latest plate reads","level":"info","timestamp":"2025-01-17T04:27:52.452Z"}
{"message":"Fetching tags","level":"info","timestamp":"2025-01-17T04:27:52.453Z"}
{"message":"Fetching latest plate reads","level":"info","timestamp":"2025-01-17T04:27:58.129Z"}
{"message":"Fetching tags","level":"info","timestamp":"2025-01-17T04:27:58.130Z"}
{"message":"Fetching latest plate reads","level":"info","timestamp":"2025-01-17T04:28:03.279Z"}
{"message":"Fetching tags","level":"info","timestamp":"2025-01-17T04:28:03.280Z"}
{"message":"Fetching latest plate reads","level":"info","timestamp":"2025-01-17T04:28:10.334Z"}
{"message":"Fetching tags","level":"info","timestamp":"2025-01-17T04:28:10.336Z"}
{"message":"Fetching latest plate reads","level":"info","timestamp":"2025-01-17T04:28:16.898Z"}
{"message":"Fetching tags","level":"info","timestamp":"2025-01-17T04:28:16.900Z"}
{"message":"Fetching latest plate reads","level":"info","timestamp":"2025-01-17T04:28:19.309Z"}
{"message":"Fetching tags","level":"info","timestamp":"2025-01-17T04:28:19.310Z"}
{"message":"Fetching latest plate reads","level":"info","timestamp":"2025-01-17T04:28:22.608Z"}
{"message":"Fetching tags","level":"info","timestamp":"2025-01-17T04:28:22.610Z"}
{"message":"Fetching latest plate reads","level":"info","timestamp":"2025-01-17T04:34:07.644Z"}
{"message":"Fetching tags","level":"info","timestamp":"2025-01-17T04:34:07.647Z"}
{"message":"PlateTable rendering with data: 25","level":"info","timestamp":"2025-01-17T04:34:07.865Z"}
{"message":"Fetching latest plate reads","level":"info","timestamp":"2025-01-17T04:34:13.244Z"}
{"message":"Fetching tags","level":"info","timestamp":"2025-01-17T04:34:13.245Z"}
{"message":"Fetching latest plate reads","level":"info","timestamp":"2025-01-17T04:34:16.487Z"}
{"message":"Fetching tags","level":"info","timestamp":"2025-01-17T04:34:16.488Z"}
{"message":"PlateTable rendering with data: 25","level":"info","timestamp":"2025-01-17T04:34:16.579Z"}
{"message":"Fetching latest plate reads","level":"info","timestamp":"2025-01-17T04:34:17.854Z"}
{"message":"Fetching tags","level":"info","timestamp":"2025-01-17T04:34:17.856Z"}
{"message":"Fetching latest plate reads","level":"info","timestamp":"2025-01-17T04:34:20.537Z"}
{"message":"Fetching tags","level":"info","timestamp":"2025-01-17T04:34:20.538Z"}
{"message":"Fetching latest plate reads","level":"info","timestamp":"2025-01-17T04:34:21.559Z"}
{"message":"Fetching tags","level":"info","timestamp":"2025-01-17T04:34:21.560Z"}
{"message":"Fetching latest plate reads","level":"info","timestamp":"2025-01-17T04:34:25.247Z"}
{"message":"Fetching tags","level":"info","timestamp":"2025-01-17T04:34:25.248Z"}
{"message":"Fetching latest plate reads","level":"info","timestamp":"2025-01-17T04:34:29.847Z"}
{"message":"Fetching tags","level":"info","timestamp":"2025-01-17T04:34:29.849Z"}
{"message":"Fetching latest plate reads","level":"info","timestamp":"2025-01-17T04:34:31.967Z"}
{"message":"Fetching tags","level":"info","timestamp":"2025-01-17T04:34:31.968Z"}
{"message":"Fetching latest plate reads","level":"info","timestamp":"2025-01-17T04:34:38.952Z"}
{"message":"Fetching tags","level":"info","timestamp":"2025-01-17T04:34:38.954Z"}
{"message":"Fetching latest plate reads","level":"info","timestamp":"2025-01-17T04:34:40.741Z"}
{"message":"Fetching tags","level":"info","timestamp":"2025-01-17T04:34:40.742Z"}
{"message":"Fetching latest plate reads","level":"info","timestamp":"2025-01-17T04:34:43.539Z"}
{"message":"Fetching tags","level":"info","timestamp":"2025-01-17T04:34:43.541Z"}
{"message":"Fetching latest plate reads","level":"info","timestamp":"2025-01-17T04:34:45.273Z"}
{"message":"Fetching tags","level":"info","timestamp":"2025-01-17T04:34:45.274Z"}
{"message":"Fetching latest plate reads","level":"info","timestamp":"2025-01-17T04:34:47.017Z"}
{"message":"Fetching tags","level":"info","timestamp":"2025-01-17T04:34:47.018Z"}
{"message":"Fetching latest plate reads","level":"info","timestamp":"2025-01-17T04:34:48.715Z"}
{"message":"Fetching tags","level":"info","timestamp":"2025-01-17T04:34:48.717Z"}
{"message":"Fetching latest plate reads","level":"info","timestamp":"2025-01-17T04:34:51.046Z"}
{"message":"Fetching tags","level":"info","timestamp":"2025-01-17T04:34:51.048Z"}
{"message":"Fetching latest plate reads","level":"info","timestamp":"2025-01-17T04:34:52.973Z"}
{"message":"Fetching tags","level":"info","timestamp":"2025-01-17T04:34:52.974Z"}
{"message":"Fetching latest plate reads","level":"info","timestamp":"2025-01-17T04:34:54.601Z"}
{"message":"Fetching tags","level":"info","timestamp":"2025-01-17T04:34:54.602Z"}
{"message":"Fetching latest plate reads","level":"info","timestamp":"2025-01-17T04:34:56.354Z"}
{"message":"Fetching tags","level":"info","timestamp":"2025-01-17T04:34:56.355Z"}
